<?xml version="1.0" encoding="UTF-8"?>
<robot generator="Robot 7.0.1 (Python 3.9.13 on win32)" generated="2024-10-28T20:01:10.212910" rpa="false" schemaversion="5">
<suite id="s1" name="TestCase" source="D:\Robot Automation PyCharm\robotAutomation\Codes\TestCase.robot">
<test id="s1-t1" name="API CALL" line="9">
<kw name="JSON API POST METHOD">
<kw name="Create Session" owner="RequestsLibrary">
<msg time="2024-10-28T20:01:10.588946" level="INFO">Creating Session using : alias=mysession, url=https://thetestingworldapi.com/api, headers={},                     cookies={}, auth=None, timeout=None, proxies=None, verify=True,                     debug=0 </msg>
<arg>mysession</arg>
<arg>https://thetestingworldapi.com/api</arg>
<arg>verify=True</arg>
<doc>Create Session: create a HTTP session to a server</doc>
<status status="PASS" start="2024-10-28T20:01:10.588946" elapsed="0.005770"/>
</kw>
<kw name="Get File" owner="OperatingSystem">
<msg time="2024-10-28T20:01:10.595838" level="INFO" html="true">Getting file '&lt;a href="file://D:\Robot Automation PyCharm\robotAutomation\config\api\JSON\StudentDetailsPost.json"&gt;D:\Robot Automation PyCharm\robotAutomation\config\api\JSON\StudentDetailsPost.json&lt;/a&gt;'.</msg>
<msg time="2024-10-28T20:01:10.597347" level="INFO">${request_body} = {
  "id": 1,
  "first_name": "Akash",
  "middle_name": "NA",
  "last_name": "Kesarwani",
  "date_of_birth": "1997"
}</msg>
<var>${request_body}</var>
<arg>.\\config\\api\\JSON\\StudentDetailsPost.json</arg>
<doc>Returns the contents of a specified file.</doc>
<status status="PASS" start="2024-10-28T20:01:10.595838" elapsed="0.001509"/>
</kw>
<kw name="Create Dictionary" owner="BuiltIn">
<msg time="2024-10-28T20:01:10.598460" level="INFO">${request_header} = {'Content-Type': 'application/json'}</msg>
<var>${request_header}</var>
<arg>Content-Type=application/json</arg>
<doc>Creates and returns a dictionary based on the given ``items``.</doc>
<status status="PASS" start="2024-10-28T20:01:10.598460" elapsed="0.000000"/>
</kw>
<kw name="POST On Session" owner="RequestsLibrary">
<msg time="2024-10-28T20:01:11.652814" level="INFO">POST Request : url=https://thetestingworldapi.com/api/studentsDetails 
 path_url=/api/studentsDetails 
 headers={'User-Agent': 'python-requests/2.32.3', 'Accept-Encoding': 'gzip, deflate', 'Accept': '*/*', 'Connection': 'keep-alive', 'Content-Type': 'application/json', 'Content-Length': '116'} 
 body={
  "id": 1,
  "first_name": "Akash",
  "middle_name": "NA",
  "last_name": "Kesarwani",
  "date_of_birth": "1997"
} 
 </msg>
<msg time="2024-10-28T20:01:11.652814" level="INFO">POST Response : url=https://thetestingworldapi.com/api/studentsDetails 
 status=201, reason=Created 
 headers={'Cache-Control': 'no-cache', 'Pragma': 'no-cache', 'Content-Type': 'application/json; charset=utf-8', 'Expires': '-1', 'Location': 'https://thetestingworldapi.com/api/studentsDetails/10423836', 'Server': 'Microsoft-IIS/10.0', 'X-AspNet-Version': '4.0.30319', 'X-Powered-By': 'ASP.NET', 'X-Powered-By-Plesk': 'PleskWin', 'Date': 'Mon, 28 Oct 2024 14:31:02 GMT', 'Content-Length': '102'} 
 body={"id":10423836,"first_name":"Akash","middle_name":"NA","last_name":"Kesarwani","date_of_birth":"1997"} 
 </msg>
<msg time="2024-10-28T20:01:11.652814" level="INFO">${response} = &lt;Response [201]&gt;</msg>
<var>${response}</var>
<arg>mysession</arg>
<arg>/studentsDetails</arg>
<arg>data=${request_body}</arg>
<arg>headers=${request_header}</arg>
<arg>expected_status=any</arg>
<doc>Sends a POST request on a previously created HTTP Session.</doc>
<status status="PASS" start="2024-10-28T20:01:10.598460" elapsed="1.054354"/>
</kw>
<try>
<branch type="TRY">
<kw name="Should Be Equal As Strings" owner="BuiltIn">
<msg time="2024-10-28T20:01:11.657655" level="INFO">Argument types are:
&lt;class 'int'&gt;
&lt;class 'str'&gt;</msg>
<arg>${response.status_code}</arg>
<arg>201</arg>
<doc>Fails if objects are unequal after converting them to strings.</doc>
<status status="PASS" start="2024-10-28T20:01:11.656106" elapsed="0.001549"/>
</kw>
<kw name="Set Variable" owner="BuiltIn">
<msg time="2024-10-28T20:01:11.658801" level="INFO">${response_content} = {"id":10423836,"first_name":"Akash","middle_name":"NA","last_name":"Kesarwani","date_of_birth":"1997"}</msg>
<var>${response_content}</var>
<arg>${response.content}</arg>
<doc>Returns the given values which can then be assigned to a variables.</doc>
<status status="PASS" start="2024-10-28T20:01:11.657655" elapsed="0.001146"/>
</kw>
<kw name="Set Variable" owner="BuiltIn">
<msg time="2024-10-28T20:01:11.658801" level="INFO">${MSG} = API Passed.</msg>
<var>${MSG}</var>
<arg>API Passed.</arg>
<doc>Returns the given values which can then be assigned to a variables.</doc>
<status status="PASS" start="2024-10-28T20:01:11.658801" elapsed="0.000000"/>
</kw>
<status status="PASS" start="2024-10-28T20:01:11.655587" elapsed="0.003214"/>
</branch>
<branch type="EXCEPT">
<kw name="Log To Console" owner="BuiltIn">
<arg>${response.status_code}</arg>
<doc>Logs the given message to the console.</doc>
<status status="NOT RUN" start="2024-10-28T20:01:11.658801" elapsed="0.000000"/>
</kw>
<kw name="Set Variable" owner="BuiltIn">
<var>${MSG}</var>
<arg>Oh no API failed :)</arg>
<doc>Returns the given values which can then be assigned to a variables.</doc>
<status status="NOT RUN" start="2024-10-28T20:01:11.658801" elapsed="0.000000"/>
</kw>
<status status="NOT RUN" start="2024-10-28T20:01:11.658801" elapsed="0.000000"/>
</branch>
<status status="PASS" start="2024-10-28T20:01:11.655587" elapsed="0.003214"/>
</try>
<return>
<value>${MSG}</value>
<status status="PASS" start="2024-10-28T20:01:11.658801" elapsed="0.000000"/>
</return>
<msg time="2024-10-28T20:01:11.658801" level="INFO">${POST_MSG} = API Passed.</msg>
<var>${POST_MSG}</var>
<tag>robot:continue-on-failure</tag>
<status status="PASS" start="2024-10-28T20:01:10.588391" elapsed="1.070410"/>
</kw>
<kw name="Log" owner="BuiltIn">
<msg time="2024-10-28T20:01:11.658801" level="INFO">API Passed.</msg>
<arg>${POST_MSG}</arg>
<doc>Logs the given message with the given level.</doc>
<status status="PASS" start="2024-10-28T20:01:11.658801" elapsed="0.000000"/>
</kw>
<status status="PASS" start="2024-10-28T20:01:10.583602" elapsed="1.083221"/>
</test>
<status status="PASS" start="2024-10-28T20:01:10.218303" elapsed="1.451043"/>
</suite>
<statistics>
<total>
<stat pass="1" fail="0" skip="0">All Tests</stat>
</total>
<tag>
</tag>
<suite>
<stat pass="1" fail="0" skip="0" id="s1" name="TestCase">TestCase</stat>
</suite>
</statistics>
<errors>
</errors>
</robot>
