<?xml version="1.0" encoding="UTF-8"?>
<robot generator="Robot 7.0.1 (Python 3.9.13 on win32)" generated="2025-01-06T19:24:01.447689" rpa="false" schemaversion="5">
<suite id="s1" name="DemoKeywordTestCase" source="E:\GitHub\Robot-Automation\Codes\DemoKeywordTestCase.robot">
<test id="s1-t1" name="Case_2" line="8">
<kw name="JSON API GET METHOD" owner="DemoKeyword">
<msg time="2025-01-06T19:24:02.170706" level="INFO">${response_api} = {'userId': 1, 'id': 1, 'title': 'delectus aut autem', 'completed': False}</msg>
<var>${response_api}</var>
<arg>https://jsonplaceholder.typicode.com/todos/1</arg>
<status status="PASS" start="2025-01-06T19:24:01.611184" elapsed="0.559522"/>
</kw>
<kw name="Log" owner="BuiltIn">
<msg time="2025-01-06T19:24:02.170706" level="INFO">{'userId': 1, 'id': 1, 'title': 'delectus aut autem', 'completed': False}</msg>
<arg>${response_api}</arg>
<doc>Logs the given message with the given level.</doc>
<status status="PASS" start="2025-01-06T19:24:02.170706" elapsed="0.000000"/>
</kw>
<status status="PASS" start="2025-01-06T19:24:01.611184" elapsed="0.559522"/>
</test>
<status status="PASS" start="2025-01-06T19:24:01.463358" elapsed="0.707348"/>
</suite>
<statistics>
<total>
<stat pass="1" fail="0" skip="0">All Tests</stat>
</total>
<tag>
</tag>
<suite>
<stat pass="1" fail="0" skip="0" id="s1" name="DemoKeywordTestCase">DemoKeywordTestCase</stat>
</suite>
</statistics>
<errors>
</errors>
</robot>
