<?xml version="1.0" encoding="UTF-8"?>
<robot generator="Robot 7.0.1 (Python 3.9.13 on win32)" generated="2024-10-28T20:09:27.001625" rpa="false" schemaversion="5">
<suite id="s1" name="JSON API TestCase" source="E:\GitHub\Robot-Automation\Codes\JSON_API_TestCase.robot">
<test id="s1-t1" name="API CALL" line="9">
<kw name="JSON API GET METHOD">
<kw name="Create Session" owner="RequestsLibrary">
<msg time="2024-10-28T20:09:27.411028" level="INFO">Creating Session using : alias=mysession, url=https://jsonplaceholder.typicode.com, headers={},                     cookies={}, auth=None, timeout=None, proxies=None, verify=True,                     debug=0 </msg>
<arg>mysession</arg>
<arg>https://jsonplaceholder.typicode.com</arg>
<arg>verify=True</arg>
<doc>Create Session: create a HTTP session to a server</doc>
<status status="PASS" start="2024-10-28T20:09:27.411028" elapsed="0.006321"/>
</kw>
<kw name="GET On Session" owner="RequestsLibrary">
<msg time="2024-10-28T20:09:28.084959" level="INFO">GET Request : url=https://jsonplaceholder.typicode.com/todos/1 
 path_url=/todos/1 
 headers={'User-Agent': 'python-requests/2.32.3', 'Accept-Encoding': 'gzip, deflate', 'Accept': '*/*', 'Connection': 'keep-alive'} 
 body=None 
 </msg>
<msg time="2024-10-28T20:09:28.084959" level="INFO">GET Response : url=https://jsonplaceholder.typicode.com/todos/1 
 status=200, reason=OK 
 headers={'Date': 'Mon, 28 Oct 2024 14:39:27 GMT', 'Content-Type': 'application/json; charset=utf-8', 'Transfer-Encoding': 'chunked', 'Connection': 'keep-alive', 'Report-To': '{"group":"heroku-nel","max_age":3600,"endpoints":[{"url":"https://nel.heroku.com/reports?ts=1713231945&amp;sid=e11707d5-02a7-43ef-b45e-2cf4d2036f7d&amp;s=LAm4OKR3x3fjNkVZ2uozNPnts3U3rrwwI66kwx%2B8D80%3D"}]}', 'Reporting-Endpoints': 'heroku-nel=https://nel.heroku.com/reports?ts=1713231945&amp;sid=e11707d5-02a7-43ef-b45e-2cf4d2036f7d&amp;s=LAm4OKR3x3fjNkVZ2uozNPnts3U3rrwwI66kwx%2B8D80%3D', 'Nel': '{"report_to":"heroku-nel","max_age":3600,"success_fraction":0.005,"failure_fraction":0.05,"response_headers":["Via"]}', 'X-Powered-By': 'Express', 'X-Ratelimit-Limit': '1000', 'X-Ratelimit-Remaining': '999', 'X-Ratelimit-Reset': '1713231952', 'Vary': 'Origin, Accept-Encoding', 'Access-Control-Allow-Credentials': 'true', 'Cache-Control': 'public, max-age=43200', 'Pragma': 'no-cache', 'Expires': 'Tue, 29 Oct 2024 02:39:27 GMT', 'X-Content-Type-Options': 'nosniff', 'Etag': 'W/"53-hfEnumeNh6YirfjyjaujcOPPT+s"', 'Via': '1.1 vegur', 'CF-Cache-Status': 'HIT', 'Age': '21050', 'Server': 'cloudflare', 'CF-RAY': '8d9bace538059eeb-CDG', 'Content-Encoding': 'gzip', 'alt-svc': 'h3=":443"; ma=86400', 'server-timing': 'cfL4;desc="?proto=TCP&amp;rtt=226355&amp;sent=5&amp;recv=6&amp;lost=0&amp;retrans=0&amp;sent_bytes=2842&amp;recv_bytes=785&amp;delivery_rate=19436&amp;cwnd=252&amp;unsent_bytes=0&amp;cid=90459da6fcc99a55&amp;ts=214&amp;x=0"'} 
 body={
  "userId": 1,
  "id": 1,
  "title": "delectus aut autem",
  "completed": false
} 
 </msg>
<msg time="2024-10-28T20:09:28.084959" level="INFO">${response} = &lt;Response [200]&gt;</msg>
<var>${response}</var>
<arg>mysession</arg>
<arg>/todos/1</arg>
<arg>expected_status=any</arg>
<doc>Sends a GET request on a previously created HTTP Session.</doc>
<status status="PASS" start="2024-10-28T20:09:27.417349" elapsed="0.667610"/>
</kw>
<kw name="Set Variable" owner="BuiltIn">
<msg time="2024-10-28T20:09:28.092869" level="INFO">${response_status} = 200</msg>
<var>${response_status}</var>
<arg>${response.status_code}</arg>
<doc>Returns the given values which can then be assigned to a variables.</doc>
<status status="PASS" start="2024-10-28T20:09:28.084959" elapsed="0.007910"/>
</kw>
<kw name="Log To Console" owner="BuiltIn">
<arg>${response_status}</arg>
<doc>Logs the given message to the console.</doc>
<status status="PASS" start="2024-10-28T20:09:28.092869" elapsed="0.000000"/>
</kw>
<if>
<branch type="IF" condition="$response_status==200">
<kw name="Set Variable" owner="BuiltIn">
<msg time="2024-10-28T20:09:28.096614" level="INFO">${response_content} = {
  "userId": 1,
  "id": 1,
  "title": "delectus aut autem",
  "completed": false
}</msg>
<var>${response_content}</var>
<arg>${response.content}</arg>
<doc>Returns the given values which can then be assigned to a variables.</doc>
<status status="PASS" start="2024-10-28T20:09:28.095082" elapsed="0.001532"/>
</kw>
<kw name="Convert String To Json" owner="JSONLibrary">
<msg time="2024-10-28T20:09:28.097721" level="INFO">${response_content} = {'userId': 1, 'id': 1, 'title': 'delectus aut autem', 'completed': False}</msg>
<var>${response_content}</var>
<arg>${response_content}</arg>
<doc>Convert String to JSON object</doc>
<status status="PASS" start="2024-10-28T20:09:28.097721" elapsed="0.000000"/>
</kw>
<kw name="Get Value From Json" owner="JSONLibrary">
<msg time="2024-10-28T20:09:28.147237" level="INFO">${Title} = ['delectus aut autem']</msg>
<var>${Title}</var>
<arg>${response_content}</arg>
<arg>title</arg>
<doc>Get Value From JSON using JSONPath</doc>
<status status="PASS" start="2024-10-28T20:09:28.097721" elapsed="0.049516"/>
</kw>
<kw name="Set Variable" owner="BuiltIn">
<msg time="2024-10-28T20:09:28.147237" level="INFO">${MSG} = ['delectus aut autem']</msg>
<var>${MSG}</var>
<arg>${Title}</arg>
<doc>Returns the given values which can then be assigned to a variables.</doc>
<status status="PASS" start="2024-10-28T20:09:28.147237" elapsed="0.000000"/>
</kw>
<kw name="Log To Console" owner="BuiltIn">
<arg>${MSG}</arg>
<doc>Logs the given message to the console.</doc>
<status status="PASS" start="2024-10-28T20:09:28.147237" elapsed="0.000000"/>
</kw>
<status status="PASS" start="2024-10-28T20:09:28.095082" elapsed="0.052155"/>
</branch>
<branch type="ELSE">
<kw name="Set Variable" owner="BuiltIn">
<var>${MSG}</var>
<arg>Oh no API failed :)</arg>
<doc>Returns the given values which can then be assigned to a variables.</doc>
<status status="NOT RUN" start="2024-10-28T20:09:28.147237" elapsed="0.000000"/>
</kw>
<kw name="Log To Console" owner="BuiltIn">
<arg>${MSG}</arg>
<doc>Logs the given message to the console.</doc>
<status status="NOT RUN" start="2024-10-28T20:09:28.147237" elapsed="0.000000"/>
</kw>
<status status="NOT RUN" start="2024-10-28T20:09:28.147237" elapsed="0.000000"/>
</branch>
<status status="PASS" start="2024-10-28T20:09:28.095082" elapsed="0.052155"/>
</if>
<return>
<value>${MSG}</value>
<status status="PASS" start="2024-10-28T20:09:28.147237" elapsed="0.000000"/>
</return>
<msg time="2024-10-28T20:09:28.147237" level="INFO">${GET_MSG} = ['delectus aut autem']</msg>
<var>${GET_MSG}</var>
<tag>robot:continue-on-failure</tag>
<status status="PASS" start="2024-10-28T20:09:27.410475" elapsed="0.736762"/>
</kw>
<kw name="Log" owner="BuiltIn">
<msg time="2024-10-28T20:09:28.147237" level="INFO">The title is ['delectus aut autem']</msg>
<arg>The title is ${GET_MSG}</arg>
<doc>Logs the given message with the given level.</doc>
<status status="PASS" start="2024-10-28T20:09:28.147237" elapsed="0.000000"/>
</kw>
<kw name="JSON API POST METHOD">
<kw name="Create Session" owner="RequestsLibrary">
<msg time="2024-10-28T20:09:28.147237" level="INFO">Creating Session using : alias=mysession, url=https://thetestingworldapi.com/api, headers={},                     cookies={}, auth=None, timeout=None, proxies=None, verify=True,                     debug=0 </msg>
<arg>mysession</arg>
<arg>https://thetestingworldapi.com/api</arg>
<arg>verify=True</arg>
<doc>Create Session: create a HTTP session to a server</doc>
<status status="PASS" start="2024-10-28T20:09:28.147237" elapsed="0.000000"/>
</kw>
<kw name="Get File" owner="OperatingSystem">
<msg time="2024-10-28T20:09:28.147237" level="INFO" html="true">Getting file '&lt;a href="file://E:\GitHub\Robot-Automation\config\api\JSON\StudentDetailsPost.json"&gt;E:\GitHub\Robot-Automation\config\api\JSON\StudentDetailsPost.json&lt;/a&gt;'.</msg>
<msg time="2024-10-28T20:09:28.147237" level="INFO">${request_body} = {
  "id": 1,
  "first_name": "Akash",
  "middle_name": "NA",
  "last_name": "Kesarwani",
  "date_of_birth": "1997"
}</msg>
<var>${request_body}</var>
<arg>.\\config\\api\\JSON\\StudentDetailsPost.json</arg>
<doc>Returns the contents of a specified file.</doc>
<status status="PASS" start="2024-10-28T20:09:28.147237" elapsed="0.000000"/>
</kw>
<kw name="Create Dictionary" owner="BuiltIn">
<msg time="2024-10-28T20:09:28.160216" level="INFO">${request_header} = {'Content-Type': 'application/json'}</msg>
<var>${request_header}</var>
<arg>Content-Type=application/json</arg>
<doc>Creates and returns a dictionary based on the given ``items``.</doc>
<status status="PASS" start="2024-10-28T20:09:28.147237" elapsed="0.012979"/>
</kw>
<kw name="POST On Session" owner="RequestsLibrary">
<msg time="2024-10-28T20:09:31.673864" level="INFO">POST Request : url=https://thetestingworldapi.com/api/studentsDetails 
 path_url=/api/studentsDetails 
 headers={'User-Agent': 'python-requests/2.32.3', 'Accept-Encoding': 'gzip, deflate', 'Accept': '*/*', 'Connection': 'keep-alive', 'Content-Type': 'application/json', 'Content-Length': '116'} 
 body={
  "id": 1,
  "first_name": "Akash",
  "middle_name": "NA",
  "last_name": "Kesarwani",
  "date_of_birth": "1997"
} 
 </msg>
<msg time="2024-10-28T20:09:31.674400" level="INFO">POST Response : url=https://thetestingworldapi.com/api/studentsDetails 
 status=201, reason=Created 
 headers={'Cache-Control': 'no-cache', 'Pragma': 'no-cache', 'Content-Type': 'application/json; charset=utf-8', 'Expires': '-1', 'Location': 'https://thetestingworldapi.com/api/studentsDetails/10423837', 'Server': 'Microsoft-IIS/10.0', 'X-AspNet-Version': '4.0.30319', 'X-Powered-By': 'ASP.NET', 'X-Powered-By-Plesk': 'PleskWin', 'Date': 'Mon, 28 Oct 2024 14:39:22 GMT', 'Content-Length': '102'} 
 body={"id":10423837,"first_name":"Akash","middle_name":"NA","last_name":"Kesarwani","date_of_birth":"1997"} 
 </msg>
<msg time="2024-10-28T20:09:31.674400" level="INFO">${response} = &lt;Response [201]&gt;</msg>
<var>${response}</var>
<arg>mysession</arg>
<arg>/studentsDetails</arg>
<arg>data=${request_body}</arg>
<arg>headers=${request_header}</arg>
<arg>expected_status=any</arg>
<doc>Sends a POST request on a previously created HTTP Session.</doc>
<status status="PASS" start="2024-10-28T20:09:28.160216" elapsed="3.514184"/>
</kw>
<try>
<branch type="TRY">
<kw name="Should Be Equal As Strings" owner="BuiltIn">
<msg time="2024-10-28T20:09:31.674400" level="INFO">Argument types are:
&lt;class 'int'&gt;
&lt;class 'str'&gt;</msg>
<arg>${response.status_code}</arg>
<arg>201</arg>
<doc>Fails if objects are unequal after converting them to strings.</doc>
<status status="PASS" start="2024-10-28T20:09:31.674400" elapsed="0.000000"/>
</kw>
<kw name="Set Variable" owner="BuiltIn">
<msg time="2024-10-28T20:09:31.674400" level="INFO">${response_content} = {"id":10423837,"first_name":"Akash","middle_name":"NA","last_name":"Kesarwani","date_of_birth":"1997"}</msg>
<var>${response_content}</var>
<arg>${response.content}</arg>
<doc>Returns the given values which can then be assigned to a variables.</doc>
<status status="PASS" start="2024-10-28T20:09:31.674400" elapsed="0.000000"/>
</kw>
<kw name="Set Variable" owner="BuiltIn">
<msg time="2024-10-28T20:09:31.674400" level="INFO">${MSG} = {"id":10423837,"first_name":"Akash","middle_name":"NA","last_name":"Kesarwani","date_of_birth":"1997"}</msg>
<var>${MSG}</var>
<arg>${response_content}</arg>
<doc>Returns the given values which can then be assigned to a variables.</doc>
<status status="PASS" start="2024-10-28T20:09:31.674400" elapsed="0.000000"/>
</kw>
<status status="PASS" start="2024-10-28T20:09:31.674400" elapsed="0.000000"/>
</branch>
<branch type="EXCEPT">
<kw name="Set Variable" owner="BuiltIn">
<var>${MSG}</var>
<arg>${response.status_code}</arg>
<doc>Returns the given values which can then be assigned to a variables.</doc>
<status status="NOT RUN" start="2024-10-28T20:09:31.674400" elapsed="0.000000"/>
</kw>
<status status="NOT RUN" start="2024-10-28T20:09:31.674400" elapsed="0.000000"/>
</branch>
<status status="PASS" start="2024-10-28T20:09:31.674400" elapsed="0.000000"/>
</try>
<return>
<value>${MSG}</value>
<status status="PASS" start="2024-10-28T20:09:31.674400" elapsed="0.000000"/>
</return>
<msg time="2024-10-28T20:09:31.674400" level="INFO">${POST_MSG} = {"id":10423837,"first_name":"Akash","middle_name":"NA","last_name":"Kesarwani","date_of_birth":"1997"}</msg>
<var>${POST_MSG}</var>
<tag>robot:continue-on-failure</tag>
<status status="PASS" start="2024-10-28T20:09:28.147237" elapsed="3.527163"/>
</kw>
<kw name="Log" owner="BuiltIn">
<msg time="2024-10-28T20:09:31.674400" level="INFO">{"id":10423837,"first_name":"Akash","middle_name":"NA","last_name":"Kesarwani","date_of_birth":"1997"}</msg>
<arg>${POST_MSG}</arg>
<doc>Logs the given message with the given level.</doc>
<status status="PASS" start="2024-10-28T20:09:31.674400" elapsed="0.000000"/>
</kw>
<status status="PASS" start="2024-10-28T20:09:27.405529" elapsed="4.268871"/>
</test>
<status status="PASS" start="2024-10-28T20:09:27.011201" elapsed="4.672722"/>
</suite>
<statistics>
<total>
<stat pass="1" fail="0" skip="0">All Tests</stat>
</total>
<tag>
</tag>
<suite>
<stat pass="1" fail="0" skip="0" id="s1" name="JSON API TestCase">JSON API TestCase</stat>
</suite>
</statistics>
<errors>
</errors>
</robot>
