<?xml version="1.0" encoding="UTF-8"?>
<robot generator="Robot 7.0.1 (Python 3.9.13 on win32)" generated="2024-11-05T19:20:16.804495" rpa="false" schemaversion="5">
<suite id="s1" name="EXCEL TestCase" source="E:\GitHub\Robot-Automation\Codes\EXCEL_TestCase.robot">
<test id="s1-t1" name="Keywords Call" line="7">
<kw name="CREATE_EXCEL_WORKBOOK">
<try>
<branch type="TRY">
<kw name="Create Workbook" owner="ExcellentLibrary">
<arg>file_path=${EXCEL_PATH}</arg>
<arg>overwrite_file_if_exists=True</arg>
<doc>Creates a new workbook and saves it to the given file path.</doc>
<status status="PASS" start="2024-11-05T19:20:17.750438" elapsed="0.031718"/>
</kw>
<kw name="Save" owner="ExcellentLibrary">
<doc>Saves the changes to the currently active workbook.</doc>
<status status="PASS" start="2024-11-05T19:20:17.782156" elapsed="0.014048"/>
</kw>
<kw name="Close Workbook" owner="ExcellentLibrary">
<doc>Closes the workbook identified by the supplied alias.</doc>
<status status="PASS" start="2024-11-05T19:20:17.796204" elapsed="0.000000"/>
</kw>
<kw name="Set Variable" owner="BuiltIn">
<msg time="2024-11-05T19:20:17.796204" level="INFO">${MSG} = PASS</msg>
<var>${MSG}</var>
<arg>PASS</arg>
<doc>Returns the given values which can then be assigned to a variables.</doc>
<status status="PASS" start="2024-11-05T19:20:17.796204" elapsed="0.013672"/>
</kw>
<status status="PASS" start="2024-11-05T19:20:17.750438" elapsed="0.059438"/>
</branch>
<branch type="EXCEPT">
<kw name="Set Variable" owner="BuiltIn">
<var>${MSG}</var>
<arg>FAILED</arg>
<doc>Returns the given values which can then be assigned to a variables.</doc>
<status status="NOT RUN" start="2024-11-05T19:20:17.811893" elapsed="0.000000"/>
</kw>
<status status="NOT RUN" start="2024-11-05T19:20:17.809876" elapsed="0.002017"/>
</branch>
<status status="PASS" start="2024-11-05T19:20:17.750438" elapsed="0.061455"/>
</try>
<return>
<value>${MSG}</value>
<status status="PASS" start="2024-11-05T19:20:17.811893" elapsed="0.000000"/>
</return>
<msg time="2024-11-05T19:20:17.811893" level="INFO">${CREATE_EXCEL_WORKBOOK_MSG} = PASS</msg>
<var>${CREATE_EXCEL_WORKBOOK_MSG}</var>
<arg>EXCEL_PATH=.\\config\\excel\\Excel_Sheet.xlsx</arg>
<tag>robot:continue-on-failure</tag>
<status status="PASS" start="2024-11-05T19:20:17.750438" elapsed="0.061455"/>
</kw>
<if>
<branch type="IF" condition="$CREATE_EXCEL_WORKBOOK_MSG=='PASS'">
<kw name="Create List" owner="BuiltIn">
<msg time="2024-11-05T19:20:17.811893" level="INFO">${ROW_VALUE} = ['S.NO', 'NAME', 'AGE']</msg>
<var>${ROW_VALUE}</var>
<arg>S.NO</arg>
<arg>NAME</arg>
<arg>AGE</arg>
<doc>Returns a list containing given items.</doc>
<status status="PASS" start="2024-11-05T19:20:17.811893" elapsed="0.000000"/>
</kw>
<kw name="WRITE_EXCEL_ROW_DATA">
<try>
<branch type="TRY">
<kw name="Open Excel Document" owner="ExcelLibrary">
<arg>filename=${EXCEL_NAME}</arg>
<arg>doc_id=${ID}</arg>
<doc>Opens xlsx document file.</doc>
<status status="PASS" start="2024-11-05T19:20:17.811893" elapsed="0.047223"/>
</kw>
<kw name="Write Excel Row" owner="ExcelLibrary">
<arg>row_num=${ROW_NUM}</arg>
<arg>row_data=${DATA}</arg>
<doc>Writes a row to the document.</doc>
<status status="PASS" start="2024-11-05T19:20:17.859116" elapsed="0.000000"/>
</kw>
<kw name="Save Excel Document" owner="ExcelLibrary">
<arg>${EXCEL_NAME}</arg>
<doc>Saves the current document to disk.</doc>
<status status="PASS" start="2024-11-05T19:20:17.859116" elapsed="0.017994"/>
</kw>
<kw name="Close Current Excel Document" owner="ExcelLibrary">
<doc>Closes current document.</doc>
<status status="PASS" start="2024-11-05T19:20:17.877110" elapsed="0.000000"/>
</kw>
<kw name="Set Variable" owner="BuiltIn">
<msg time="2024-11-05T19:20:17.877110" level="INFO">${MSG} = PASS</msg>
<var>${MSG}</var>
<arg>PASS</arg>
<doc>Returns the given values which can then be assigned to a variables.</doc>
<status status="PASS" start="2024-11-05T19:20:17.877110" elapsed="0.000000"/>
</kw>
<status status="PASS" start="2024-11-05T19:20:17.811893" elapsed="0.065217"/>
</branch>
<branch type="EXCEPT">
<kw name="Set Variable" owner="BuiltIn">
<var>${MSG}</var>
<arg>FAILED</arg>
<doc>Returns the given values which can then be assigned to a variables.</doc>
<status status="NOT RUN" start="2024-11-05T19:20:17.877110" elapsed="0.000000"/>
</kw>
<status status="NOT RUN" start="2024-11-05T19:20:17.877110" elapsed="0.000000"/>
</branch>
<status status="PASS" start="2024-11-05T19:20:17.811893" elapsed="0.065217"/>
</try>
<return>
<value>${MSG}</value>
<status status="PASS" start="2024-11-05T19:20:17.877110" elapsed="0.000000"/>
</return>
<arg>EXCEL_NAME=.\\config\\excel\\Excel_Sheet.xlsx</arg>
<arg>ROW_NUM=1</arg>
<arg>DATA=${ROW_VALUE}</arg>
<arg>ID=excel_1</arg>
<tag>robot:continue-on-failure</tag>
<status status="PASS" start="2024-11-05T19:20:17.811893" elapsed="0.065217"/>
</kw>
<status status="PASS" start="2024-11-05T19:20:17.811893" elapsed="0.065217"/>
</branch>
<branch type="ELSE">
<kw name="Log" owner="BuiltIn">
<arg>CREATE_EXCEL_WORKBOOK method failed!!</arg>
<doc>Logs the given message with the given level.</doc>
<status status="NOT RUN" start="2024-11-05T19:20:17.887630" elapsed="0.000000"/>
</kw>
<status status="NOT RUN" start="2024-11-05T19:20:17.887630" elapsed="0.000000"/>
</branch>
<status status="PASS" start="2024-11-05T19:20:17.811893" elapsed="0.075737"/>
</if>
<status status="PASS" start="2024-11-05T19:20:17.735581" elapsed="0.152049"/>
</test>
<status status="PASS" start="2024-11-05T19:20:16.810156" elapsed="1.077474"/>
</suite>
<statistics>
<total>
<stat pass="1" fail="0" skip="0">All Tests</stat>
</total>
<tag>
</tag>
<suite>
<stat pass="1" fail="0" skip="0" id="s1" name="EXCEL TestCase">EXCEL TestCase</stat>
</suite>
</statistics>
<errors>
</errors>
</robot>
