<?xml version="1.0" encoding="UTF-8"?>
<robot generator="Robot 7.0.1 (Python 3.9.13 on win32)" generated="2024-11-05T20:05:45.519478" rpa="false" schemaversion="5">
<suite id="s1" name="EXCEL TestCase" source="E:\GitHub\Robot-Automation\Codes\EXCEL_TestCase.robot">
<test id="s1-t1" name="Keywords Call" line="7">
<kw name="CREATE_EXCEL_WORKBOOK">
<try>
<branch type="TRY">
<kw name="Create Workbook" owner="ExcellentLibrary">
<arg>file_path=${EXCEL_PATH}</arg>
<arg>overwrite_file_if_exists=True</arg>
<doc>Creates a new workbook and saves it to the given file path.</doc>
<status status="PASS" start="2024-11-05T20:05:46.160524" elapsed="0.015662"/>
</kw>
<kw name="Save" owner="ExcellentLibrary">
<doc>Saves the changes to the currently active workbook.</doc>
<status status="PASS" start="2024-11-05T20:05:46.176186" elapsed="0.000000"/>
</kw>
<kw name="Close Workbook" owner="ExcellentLibrary">
<doc>Closes the workbook identified by the supplied alias.</doc>
<status status="PASS" start="2024-11-05T20:05:46.176186" elapsed="0.000000"/>
</kw>
<kw name="Set Variable" owner="BuiltIn">
<msg time="2024-11-05T20:05:46.176186" level="INFO">${MSG} = PASS</msg>
<var>${MSG}</var>
<arg>PASS</arg>
<doc>Returns the given values which can then be assigned to a variables.</doc>
<status status="PASS" start="2024-11-05T20:05:46.176186" elapsed="0.015589"/>
</kw>
<status status="PASS" start="2024-11-05T20:05:46.160524" elapsed="0.031251"/>
</branch>
<branch type="EXCEPT">
<kw name="Set Variable" owner="BuiltIn">
<var>${MSG}</var>
<arg>FAILED</arg>
<doc>Returns the given values which can then be assigned to a variables.</doc>
<status status="NOT RUN" start="2024-11-05T20:05:46.191775" elapsed="0.000000"/>
</kw>
<status status="NOT RUN" start="2024-11-05T20:05:46.191775" elapsed="0.000000"/>
</branch>
<status status="PASS" start="2024-11-05T20:05:46.160524" elapsed="0.031251"/>
</try>
<return>
<value>${MSG}</value>
<status status="PASS" start="2024-11-05T20:05:46.191775" elapsed="0.000000"/>
</return>
<msg time="2024-11-05T20:05:46.191775" level="INFO">${CREATE_EXCEL_WORKBOOK_MSG} = PASS</msg>
<var>${CREATE_EXCEL_WORKBOOK_MSG}</var>
<arg>EXCEL_PATH=.\\config\\excel\\Excel_Sheet.xlsx</arg>
<tag>robot:continue-on-failure</tag>
<status status="PASS" start="2024-11-05T20:05:46.160524" elapsed="0.031251"/>
</kw>
<if>
<branch type="IF" condition="$CREATE_EXCEL_WORKBOOK_MSG=='PASS'">
<kw name="Create List" owner="BuiltIn">
<msg time="2024-11-05T20:05:46.191775" level="INFO">${ROW_HEADER_1} = ['S.NO', 'NAME', 'AGE']</msg>
<var>${ROW_HEADER_1}</var>
<arg>S.NO</arg>
<arg>NAME</arg>
<arg>AGE</arg>
<doc>Returns a list containing given items.</doc>
<status status="PASS" start="2024-11-05T20:05:46.191775" elapsed="0.000000"/>
</kw>
<kw name="WRITE_EXCEL_ROW_DATA">
<try>
<branch type="TRY">
<kw name="Open Excel Document" owner="ExcelLibrary">
<arg>filename=${EXCEL_NAME}</arg>
<arg>doc_id=${ID}</arg>
<doc>Opens xlsx document file.</doc>
<status status="PASS" start="2024-11-05T20:05:46.191775" elapsed="0.016131"/>
</kw>
<kw name="Write Excel Row" owner="ExcelLibrary">
<arg>row_num=${ROW_NUM}</arg>
<arg>row_data=${DATA}</arg>
<doc>Writes a row to the document.</doc>
<status status="PASS" start="2024-11-05T20:05:46.207906" elapsed="0.000000"/>
</kw>
<kw name="Save Excel Document" owner="ExcelLibrary">
<arg>filename=${EXCEL_NAME}</arg>
<doc>Saves the current document to disk.</doc>
<status status="PASS" start="2024-11-05T20:05:46.207906" elapsed="0.000000"/>
</kw>
<kw name="Close Current Excel Document" owner="ExcelLibrary">
<doc>Closes current document.</doc>
<status status="PASS" start="2024-11-05T20:05:46.207906" elapsed="0.000000"/>
</kw>
<kw name="Set Variable" owner="BuiltIn">
<msg time="2024-11-05T20:05:46.207906" level="INFO">${MSG} = PASS</msg>
<var>${MSG}</var>
<arg>PASS</arg>
<doc>Returns the given values which can then be assigned to a variables.</doc>
<status status="PASS" start="2024-11-05T20:05:46.207906" elapsed="0.000000"/>
</kw>
<status status="PASS" start="2024-11-05T20:05:46.191775" elapsed="0.016131"/>
</branch>
<branch type="EXCEPT">
<kw name="Set Variable" owner="BuiltIn">
<var>${MSG}</var>
<arg>FAILED</arg>
<doc>Returns the given values which can then be assigned to a variables.</doc>
<status status="NOT RUN" start="2024-11-05T20:05:46.207906" elapsed="0.000000"/>
</kw>
<status status="NOT RUN" start="2024-11-05T20:05:46.207906" elapsed="0.000000"/>
</branch>
<status status="PASS" start="2024-11-05T20:05:46.191775" elapsed="0.016131"/>
</try>
<return>
<value>${MSG}</value>
<status status="PASS" start="2024-11-05T20:05:46.207906" elapsed="0.000000"/>
</return>
<arg>EXCEL_NAME=.\\config\\excel\\Excel_Sheet.xlsx</arg>
<arg>ROW_NUM=1</arg>
<arg>DATA=${ROW_HEADER_1}</arg>
<arg>ID=excel_1</arg>
<tag>robot:continue-on-failure</tag>
<status status="PASS" start="2024-11-05T20:05:46.191775" elapsed="0.016131"/>
</kw>
<kw name="Create List" owner="BuiltIn">
<msg time="2024-11-05T20:05:46.207906" level="INFO">${ROW_VALUE_1} = ['1', 'AKASH KESARWANI', '26']</msg>
<var>${ROW_VALUE_1}</var>
<arg>1</arg>
<arg>AKASH KESARWANI</arg>
<arg>26</arg>
<doc>Returns a list containing given items.</doc>
<status status="PASS" start="2024-11-05T20:05:46.207906" elapsed="0.000000"/>
</kw>
<kw name="WRITE_EXCEL_ROW_DATA">
<try>
<branch type="TRY">
<kw name="Open Excel Document" owner="ExcelLibrary">
<arg>filename=${EXCEL_NAME}</arg>
<arg>doc_id=${ID}</arg>
<doc>Opens xlsx document file.</doc>
<status status="PASS" start="2024-11-05T20:05:46.207906" elapsed="0.015546"/>
</kw>
<kw name="Write Excel Row" owner="ExcelLibrary">
<arg>row_num=${ROW_NUM}</arg>
<arg>row_data=${DATA}</arg>
<doc>Writes a row to the document.</doc>
<status status="PASS" start="2024-11-05T20:05:46.223452" elapsed="0.000000"/>
</kw>
<kw name="Save Excel Document" owner="ExcelLibrary">
<arg>filename=${EXCEL_NAME}</arg>
<doc>Saves the current document to disk.</doc>
<status status="PASS" start="2024-11-05T20:05:46.223452" elapsed="0.015634"/>
</kw>
<kw name="Close Current Excel Document" owner="ExcelLibrary">
<doc>Closes current document.</doc>
<status status="PASS" start="2024-11-05T20:05:46.239086" elapsed="0.000000"/>
</kw>
<kw name="Set Variable" owner="BuiltIn">
<msg time="2024-11-05T20:05:46.239086" level="INFO">${MSG} = PASS</msg>
<var>${MSG}</var>
<arg>PASS</arg>
<doc>Returns the given values which can then be assigned to a variables.</doc>
<status status="PASS" start="2024-11-05T20:05:46.239086" elapsed="0.000000"/>
</kw>
<status status="PASS" start="2024-11-05T20:05:46.207906" elapsed="0.031180"/>
</branch>
<branch type="EXCEPT">
<kw name="Set Variable" owner="BuiltIn">
<var>${MSG}</var>
<arg>FAILED</arg>
<doc>Returns the given values which can then be assigned to a variables.</doc>
<status status="NOT RUN" start="2024-11-05T20:05:46.239086" elapsed="0.000000"/>
</kw>
<status status="NOT RUN" start="2024-11-05T20:05:46.239086" elapsed="0.000000"/>
</branch>
<status status="PASS" start="2024-11-05T20:05:46.207906" elapsed="0.031180"/>
</try>
<return>
<value>${MSG}</value>
<status status="PASS" start="2024-11-05T20:05:46.239086" elapsed="0.000000"/>
</return>
<arg>EXCEL_NAME=.\\config\\excel\\Excel_Sheet.xlsx</arg>
<arg>ROW_NUM=2</arg>
<arg>DATA=${ROW_VALUE_1}</arg>
<arg>ID=excel_1</arg>
<tag>robot:continue-on-failure</tag>
<status status="PASS" start="2024-11-05T20:05:46.207906" elapsed="0.031180"/>
</kw>
<kw name="Create List" owner="BuiltIn">
<msg time="2024-11-05T20:05:46.239086" level="INFO">${ROW_VALUE_2} = ['2', 'MANAS KESARWANI', '14']</msg>
<var>${ROW_VALUE_2}</var>
<arg>2</arg>
<arg>MANAS KESARWANI</arg>
<arg>14</arg>
<doc>Returns a list containing given items.</doc>
<status status="PASS" start="2024-11-05T20:05:46.239086" elapsed="0.000000"/>
</kw>
<kw name="WRITE_EXCEL_ROW_DATA">
<try>
<branch type="TRY">
<kw name="Open Excel Document" owner="ExcelLibrary">
<arg>filename=${EXCEL_NAME}</arg>
<arg>doc_id=${ID}</arg>
<doc>Opens xlsx document file.</doc>
<status status="PASS" start="2024-11-05T20:05:46.239086" elapsed="0.000000"/>
</kw>
<kw name="Write Excel Row" owner="ExcelLibrary">
<arg>row_num=${ROW_NUM}</arg>
<arg>row_data=${DATA}</arg>
<doc>Writes a row to the document.</doc>
<status status="PASS" start="2024-11-05T20:05:46.239086" elapsed="0.000000"/>
</kw>
<kw name="Save Excel Document" owner="ExcelLibrary">
<arg>filename=${EXCEL_NAME}</arg>
<doc>Saves the current document to disk.</doc>
<status status="PASS" start="2024-11-05T20:05:46.239086" elapsed="0.015666"/>
</kw>
<kw name="Close Current Excel Document" owner="ExcelLibrary">
<doc>Closes current document.</doc>
<status status="PASS" start="2024-11-05T20:05:46.254752" elapsed="0.000000"/>
</kw>
<kw name="Set Variable" owner="BuiltIn">
<msg time="2024-11-05T20:05:46.254752" level="INFO">${MSG} = PASS</msg>
<var>${MSG}</var>
<arg>PASS</arg>
<doc>Returns the given values which can then be assigned to a variables.</doc>
<status status="PASS" start="2024-11-05T20:05:46.254752" elapsed="0.000000"/>
</kw>
<status status="PASS" start="2024-11-05T20:05:46.239086" elapsed="0.015666"/>
</branch>
<branch type="EXCEPT">
<kw name="Set Variable" owner="BuiltIn">
<var>${MSG}</var>
<arg>FAILED</arg>
<doc>Returns the given values which can then be assigned to a variables.</doc>
<status status="NOT RUN" start="2024-11-05T20:05:46.254752" elapsed="0.000000"/>
</kw>
<status status="NOT RUN" start="2024-11-05T20:05:46.254752" elapsed="0.000000"/>
</branch>
<status status="PASS" start="2024-11-05T20:05:46.239086" elapsed="0.015666"/>
</try>
<return>
<value>${MSG}</value>
<status status="PASS" start="2024-11-05T20:05:46.254752" elapsed="0.000000"/>
</return>
<arg>EXCEL_NAME=.\\config\\excel\\Excel_Sheet.xlsx</arg>
<arg>ROW_NUM=3</arg>
<arg>DATA=${ROW_VALUE_2}</arg>
<arg>ID=excel_1</arg>
<tag>robot:continue-on-failure</tag>
<status status="PASS" start="2024-11-05T20:05:46.239086" elapsed="0.015666"/>
</kw>
<kw name="Create List" owner="BuiltIn">
<msg time="2024-11-05T20:05:46.254752" level="INFO">${ROW_VALUE_3} = ['3', 'ABHAY KESARWANI', '23']</msg>
<var>${ROW_VALUE_3}</var>
<arg>3</arg>
<arg>ABHAY KESARWANI</arg>
<arg>23</arg>
<doc>Returns a list containing given items.</doc>
<status status="PASS" start="2024-11-05T20:05:46.254752" elapsed="0.000000"/>
</kw>
<kw name="WRITE_EXCEL_ROW_DATA">
<try>
<branch type="TRY">
<kw name="Open Excel Document" owner="ExcelLibrary">
<arg>filename=${EXCEL_NAME}</arg>
<arg>doc_id=${ID}</arg>
<doc>Opens xlsx document file.</doc>
<status status="PASS" start="2024-11-05T20:05:46.254752" elapsed="0.015627"/>
</kw>
<kw name="Write Excel Row" owner="ExcelLibrary">
<arg>row_num=${ROW_NUM}</arg>
<arg>row_data=${DATA}</arg>
<doc>Writes a row to the document.</doc>
<status status="PASS" start="2024-11-05T20:05:46.270379" elapsed="0.000000"/>
</kw>
<kw name="Save Excel Document" owner="ExcelLibrary">
<arg>filename=${EXCEL_NAME}</arg>
<doc>Saves the current document to disk.</doc>
<status status="PASS" start="2024-11-05T20:05:46.270379" elapsed="0.015582"/>
</kw>
<kw name="Close Current Excel Document" owner="ExcelLibrary">
<doc>Closes current document.</doc>
<status status="PASS" start="2024-11-05T20:05:46.285961" elapsed="0.000000"/>
</kw>
<kw name="Set Variable" owner="BuiltIn">
<msg time="2024-11-05T20:05:46.285961" level="INFO">${MSG} = PASS</msg>
<var>${MSG}</var>
<arg>PASS</arg>
<doc>Returns the given values which can then be assigned to a variables.</doc>
<status status="PASS" start="2024-11-05T20:05:46.285961" elapsed="0.000000"/>
</kw>
<status status="PASS" start="2024-11-05T20:05:46.254752" elapsed="0.031209"/>
</branch>
<branch type="EXCEPT">
<kw name="Set Variable" owner="BuiltIn">
<var>${MSG}</var>
<arg>FAILED</arg>
<doc>Returns the given values which can then be assigned to a variables.</doc>
<status status="NOT RUN" start="2024-11-05T20:05:46.285961" elapsed="0.000000"/>
</kw>
<status status="NOT RUN" start="2024-11-05T20:05:46.285961" elapsed="0.000000"/>
</branch>
<status status="PASS" start="2024-11-05T20:05:46.254752" elapsed="0.031209"/>
</try>
<return>
<value>${MSG}</value>
<status status="PASS" start="2024-11-05T20:05:46.285961" elapsed="0.000000"/>
</return>
<arg>EXCEL_NAME=.\\config\\excel\\Excel_Sheet.xlsx</arg>
<arg>ROW_NUM=4</arg>
<arg>DATA=${ROW_VALUE_3}</arg>
<arg>ID=excel_1</arg>
<tag>robot:continue-on-failure</tag>
<status status="PASS" start="2024-11-05T20:05:46.254752" elapsed="0.031209"/>
</kw>
<kw name="Create List" owner="BuiltIn">
<msg time="2024-11-05T20:05:46.285961" level="INFO">${ROW_VALUE_4} = ['4', 'SUJAL KESARWANI', '19']</msg>
<var>${ROW_VALUE_4}</var>
<arg>4</arg>
<arg>SUJAL KESARWANI</arg>
<arg>19</arg>
<doc>Returns a list containing given items.</doc>
<status status="PASS" start="2024-11-05T20:05:46.285961" elapsed="0.000000"/>
</kw>
<kw name="WRITE_EXCEL_ROW_DATA">
<try>
<branch type="TRY">
<kw name="Open Excel Document" owner="ExcelLibrary">
<arg>filename=${EXCEL_NAME}</arg>
<arg>doc_id=${ID}</arg>
<doc>Opens xlsx document file.</doc>
<status status="PASS" start="2024-11-05T20:05:46.285961" elapsed="0.015624"/>
</kw>
<kw name="Write Excel Row" owner="ExcelLibrary">
<arg>row_num=${ROW_NUM}</arg>
<arg>row_data=${DATA}</arg>
<doc>Writes a row to the document.</doc>
<status status="PASS" start="2024-11-05T20:05:46.301585" elapsed="0.000000"/>
</kw>
<kw name="Save Excel Document" owner="ExcelLibrary">
<arg>filename=${EXCEL_NAME}</arg>
<doc>Saves the current document to disk.</doc>
<status status="PASS" start="2024-11-05T20:05:46.301585" elapsed="0.006508"/>
</kw>
<kw name="Close Current Excel Document" owner="ExcelLibrary">
<doc>Closes current document.</doc>
<status status="PASS" start="2024-11-05T20:05:46.308093" elapsed="0.000000"/>
</kw>
<kw name="Set Variable" owner="BuiltIn">
<msg time="2024-11-05T20:05:46.308093" level="INFO">${MSG} = PASS</msg>
<var>${MSG}</var>
<arg>PASS</arg>
<doc>Returns the given values which can then be assigned to a variables.</doc>
<status status="PASS" start="2024-11-05T20:05:46.308093" elapsed="0.000000"/>
</kw>
<status status="PASS" start="2024-11-05T20:05:46.285961" elapsed="0.022132"/>
</branch>
<branch type="EXCEPT">
<kw name="Set Variable" owner="BuiltIn">
<var>${MSG}</var>
<arg>FAILED</arg>
<doc>Returns the given values which can then be assigned to a variables.</doc>
<status status="NOT RUN" start="2024-11-05T20:05:46.308093" elapsed="0.000000"/>
</kw>
<status status="NOT RUN" start="2024-11-05T20:05:46.308093" elapsed="0.000000"/>
</branch>
<status status="PASS" start="2024-11-05T20:05:46.285961" elapsed="0.022132"/>
</try>
<return>
<value>${MSG}</value>
<status status="PASS" start="2024-11-05T20:05:46.308093" elapsed="0.000000"/>
</return>
<arg>EXCEL_NAME=.\\config\\excel\\Excel_Sheet.xlsx</arg>
<arg>ROW_NUM=5</arg>
<arg>DATA=${ROW_VALUE_4}</arg>
<arg>ID=excel_1</arg>
<tag>robot:continue-on-failure</tag>
<status status="PASS" start="2024-11-05T20:05:46.285961" elapsed="0.022132"/>
</kw>
<kw name="READ_EXCEL_SHEET_DATA">
<kw name="Open Workbook" owner="ExcellentLibrary">
<arg>file_path=${EXCEL_PATH}</arg>
<doc>Opens the workbook found at the given file path.
_NOTE_: Please note that at present _XLS_ files are not supported.</doc>
<status status="PASS" start="2024-11-05T20:05:46.308093" elapsed="0.009548"/>
</kw>
<kw name="Read Sheet Data" owner="ExcellentLibrary">
<msg time="2024-11-05T20:05:46.317641" level="INFO">${MSG} = [['S.NO', 'NAME', 'AGE'], ['1', 'AKASH KESARWANI', '26'], ['2', 'MANAS KESARWANI', '14'], ['3', 'ABHAY KESARWANI', '23'], ['4', 'SUJAL KESARWANI', '19']]</msg>
<var>${MSG}</var>
<doc>Reads all the data from the active sheet.</doc>
<status status="PASS" start="2024-11-05T20:05:46.317641" elapsed="0.000000"/>
</kw>
<kw name="Close Current Excel Document" owner="ExcelLibrary">
<doc>Closes current document.</doc>
<status status="PASS" start="2024-11-05T20:05:46.317641" elapsed="0.000000"/>
</kw>
<return>
<value>${MSG}</value>
<status status="PASS" start="2024-11-05T20:05:46.317641" elapsed="0.000000"/>
</return>
<msg time="2024-11-05T20:05:46.317641" level="INFO">${ALL_EXCEL_SHEET_DATA} = [['S.NO', 'NAME', 'AGE'], ['1', 'AKASH KESARWANI', '26'], ['2', 'MANAS KESARWANI', '14'], ['3', 'ABHAY KESARWANI', '23'], ['4', 'SUJAL KESARWANI', '19']]</msg>
<var>${ALL_EXCEL_SHEET_DATA}</var>
<arg>EXCEL_PATH=.\\config\\excel\\Excel_Sheet.xlsx</arg>
<tag>robot:continue-on-failure</tag>
<status status="PASS" start="2024-11-05T20:05:46.308093" elapsed="0.009548"/>
</kw>
<kw name="Log" owner="BuiltIn">
<msg time="2024-11-05T20:05:46.317641" level="INFO">[['S.NO', 'NAME', 'AGE'], ['1', 'AKASH KESARWANI', '26'], ['2', 'MANAS KESARWANI', '14'], ['3', 'ABHAY KESARWANI', '23'], ['4', 'SUJAL KESARWANI', '19']]</msg>
<arg>${ALL_EXCEL_SHEET_DATA}</arg>
<doc>Logs the given message with the given level.</doc>
<status status="PASS" start="2024-11-05T20:05:46.317641" elapsed="0.000000"/>
</kw>
<status status="PASS" start="2024-11-05T20:05:46.191775" elapsed="0.125866"/>
</branch>
<branch type="ELSE">
<kw name="Log" owner="BuiltIn">
<arg>CREATE_EXCEL_WORKBOOK method failed!!</arg>
<doc>Logs the given message with the given level.</doc>
<status status="NOT RUN" start="2024-11-05T20:05:46.317641" elapsed="0.000000"/>
</kw>
<status status="NOT RUN" start="2024-11-05T20:05:46.317641" elapsed="0.000000"/>
</branch>
<status status="PASS" start="2024-11-05T20:05:46.191775" elapsed="0.125866"/>
</if>
<status status="PASS" start="2024-11-05T20:05:46.160524" elapsed="0.157117"/>
</test>
<status status="PASS" start="2024-11-05T20:05:45.519478" elapsed="0.798163"/>
</suite>
<statistics>
<total>
<stat pass="1" fail="0" skip="0">All Tests</stat>
</total>
<tag>
</tag>
<suite>
<stat pass="1" fail="0" skip="0" id="s1" name="EXCEL TestCase">EXCEL TestCase</stat>
</suite>
</statistics>
<errors>
</errors>
</robot>
