<?xml version="1.0" encoding="UTF-8"?>
<robot generator="Robot 7.0.1 (Python 3.9.13 on win32)" generated="2024-11-04T18:07:01.742482" rpa="false" schemaversion="5">
<suite id="s1" name="JSON API TestCase" source="E:\GitHub\Robot-Automation\Codes\JSON_API_TestCase.robot">
<test id="s1-t1" name="API CALL" line="10">
<kw name="JSON API BEARER AUTHORIZATION">
<kw name="Create Session" owner="RequestsLibrary">
<msg time="2024-11-04T18:07:02.024837" level="INFO">Creating Session using : alias=mysession, url=https://dummyjson.com, headers={},                     cookies={}, auth=None, timeout=None, proxies=None, verify=True,                     debug=0 </msg>
<arg>mysession</arg>
<arg>https://dummyjson.com</arg>
<arg>verify=True</arg>
<doc>Create Session: create a HTTP session to a server</doc>
<status status="PASS" start="2024-11-04T18:07:02.024837" elapsed="0.000000"/>
</kw>
<kw name="Create Dictionary" owner="BuiltIn">
<msg time="2024-11-04T18:07:02.024837" level="INFO">${request_body} = {'username': 'emilys', 'password': 'emilyspass', 'expiresInMins': '30'}</msg>
<var>${request_body}</var>
<arg>username=emilys</arg>
<arg>password=emilyspass</arg>
<arg>expiresInMins=30</arg>
<doc>Creates and returns a dictionary based on the given ``items``.</doc>
<status status="PASS" start="2024-11-04T18:07:02.024837" elapsed="0.000000"/>
</kw>
<kw name="Convert Json To String" owner="JSONLibrary">
<msg time="2024-11-04T18:07:02.024837" level="INFO">${request_body} = {"username": "emilys", "password": "emilyspass", "expiresInMins": "30"}</msg>
<var>${request_body}</var>
<arg>${request_body}</arg>
<doc>Convert JSON object to string</doc>
<status status="PASS" start="2024-11-04T18:07:02.024837" elapsed="0.000000"/>
</kw>
<kw name="Create Dictionary" owner="BuiltIn">
<msg time="2024-11-04T18:07:02.024837" level="INFO">${request_header} = {'Content-Type': 'application/json'}</msg>
<var>${request_header}</var>
<arg>Content-Type=application/json</arg>
<doc>Creates and returns a dictionary based on the given ``items``.</doc>
<status status="PASS" start="2024-11-04T18:07:02.024837" elapsed="0.000000"/>
</kw>
<kw name="POST On Session" owner="RequestsLibrary">
<msg time="2024-11-04T18:07:03.098837" level="INFO">POST Request : url=https://dummyjson.com/auth/login 
 path_url=/auth/login 
 headers={'User-Agent': 'python-requests/2.32.3', 'Accept-Encoding': 'gzip, deflate', 'Accept': '*/*', 'Connection': 'keep-alive', 'Content-Type': 'application/json', 'Content-Length': '71'} 
 body={"username": "emilys", "password": "emilyspass", "expiresInMins": "30"} 
 </msg>
<msg time="2024-11-04T18:07:03.098837" level="INFO">POST Response : url=https://dummyjson.com/auth/login 
 status=200, reason=OK 
 headers={'Report-To': '{"group":"heroku-nel","max_age":3600,"endpoints":[{"url":"https://nel.heroku.com/reports?ts=1730723823&amp;sid=e11707d5-02a7-43ef-b45e-2cf4d2036f7d&amp;s=cmoVQeaOGD6ZPIIoJ7iXbOWV2GyrO8iiagFQfSTROPc%3D"}]}', 'Reporting-Endpoints': 'heroku-nel=https://nel.heroku.com/reports?ts=1730723823&amp;sid=e11707d5-02a7-43ef-b45e-2cf4d2036f7d&amp;s=cmoVQeaOGD6ZPIIoJ7iXbOWV2GyrO8iiagFQfSTROPc%3D', 'Nel': '{"report_to":"heroku-nel","max_age":3600,"success_fraction":0.005,"failure_fraction":0.05,"response_headers":["Via"]}', 'Connection': 'keep-alive', 'Access-Control-Allow-Origin': '*', 'X-Dns-Prefetch-Control': 'off', 'X-Frame-Options': 'SAMEORIGIN', 'Strict-Transport-Security': 'max-age=15552000; includeSubDomains', 'X-Download-Options': 'noopen', 'X-Content-Type-Options': 'nosniff', 'X-Xss-Protection': '1; mode=block', 'X-Powered-By': 'Cats on Keyboards', 'Server': 'BobTheBuilder', 'X-Ratelimit-Limit': '100', 'X-Ratelimit-Remaining': '99', 'Date': 'Mon, 04 Nov 2024 12:37:03 GMT', 'X-Ratelimit-Reset': '1730723825', 'Set-Cookie': 'accessToken=eyJhbGciOiJIUzI1NiIsInR5cCI6IkpXVCJ9.eyJpZCI6MSwidXNlcm5hbWUiOiJlbWlseXMiLCJlbWFpbCI6ImVtaWx5LmpvaG5zb25AeC5kdW1teWpzb24uY29tIiwiZmlyc3ROYW1lIjoiRW1pbHkiLCJsYXN0TmFtZSI6IkpvaG5zb24iLCJnZW5kZXIiOiJmZW1hbGUiLCJpbWFnZSI6Imh0dHBzOi8vZHVtbXlqc29uLmNvbS9pY29uL2VtaWx5cy8xMjgiLCJpYXQiOjE3MzA3MjM4MjMsImV4cCI6MTczMDcyNTYyM30.37nOog8zvZqXUSoIqwTObe1S87zi8wB3RONJwvVCUp0; Max-Age=1800; Path=/; Expires=Mon, 04 Nov 2024 13:07:03 GMT; HttpOnly; Secure, refreshToken=eyJhbGciOiJIUzI1NiIsInR5cCI6IkpXVCJ9.eyJpZCI6MSwidXNlcm5hbWUiOiJlbWlseXMiLCJlbWFpbCI6ImVtaWx5LmpvaG5zb25AeC5kdW1teWpzb24uY29tIiwiZmlyc3ROYW1lIjoiRW1pbHkiLCJsYXN0TmFtZSI6IkpvaG5zb24iLCJnZW5kZXIiOiJmZW1hbGUiLCJpbWFnZSI6Imh0dHBzOi8vZHVtbXlqc29uLmNvbS9pY29uL2VtaWx5cy8xMjgiLCJpYXQiOjE3MzA3MjM4MjMsImV4cCI6MTczMzMxNTgyM30.ajVFCjtUibrmo5mYfzgVBRN4z7H0woj-MyaNxU0Xc-U; Max-Age=1800; Path=/; Expires=Mon, 04 Nov 2024 13:07:03 GMT; HttpOnly; Secure', 'Content-Type': 'application/json; charset=utf-8', 'Content-Length': '930', 'Etag': 'W/"3a2-5B0pUNLj4FkEyLiWbl6QV+5SdFM"', 'Vary': 'Accept-Encoding', 'Via': '1.1 vegur'} 
 body={"accessToken":"eyJhbGciOiJIUzI1NiIsInR5cCI6IkpXVCJ9.eyJpZCI6MSwidXNlcm5hbWUiOiJlbWlseXMiLCJlbWFpbCI6ImVtaWx5LmpvaG5zb25AeC5kdW1teWpzb24uY29tIiwiZmlyc3ROYW1lIjoiRW1pbHkiLCJsYXN0TmFtZSI6IkpvaG5zb24iLCJnZW5kZXIiOiJmZW1hbGUiLCJpbWFnZSI6Imh0dHBzOi8vZHVtbXlqc29uLmNvbS9pY29uL2VtaWx5cy8xMjgiLCJpYXQiOjE3MzA3MjM4MjMsImV4cCI6MTczMDcyNTYyM30.37nOog8zvZqXUSoIqwTObe1S87zi8wB3RONJwvVCUp0","refreshToken":"eyJhbGciOiJIUzI1NiIsInR5cCI6IkpXVCJ9.eyJpZCI6MSwidXNlcm5hbWUiOiJlbWlseXMiLCJlbWFpbCI6ImVtaWx5LmpvaG5zb25AeC5kdW1teWpzb24uY29tIiwiZmlyc3ROYW1lIjoiRW1pbHkiLCJsYXN0TmFtZSI6IkpvaG5zb24iLCJnZW5kZXIiOiJmZW1hbGUiLCJpbWFnZSI6Imh0dHBzOi8vZHVtbXlqc29uLmNvbS9pY29uL2VtaWx5cy8xMjgiLCJpYXQiOjE3MzA3MjM4MjMsImV4cCI6MTczMzMxNTgyM30.ajVFCjtUibrmo5mYfzgVBRN4z7H0woj-MyaNxU0Xc-U","id":1,"username":"emilys","email":"emily.johnson@x.dummyjson.com","firstName":"Emily","lastName":"Johnson","gender":"female","image":"https://dummyjson.com/icon/emilys/128"} 
 </msg>
<msg time="2024-11-04T18:07:03.098837" level="INFO">${response} = &lt;Response [200]&gt;</msg>
<var>${response}</var>
<arg>mysession</arg>
<arg>/auth/login</arg>
<arg>data=${request_body}</arg>
<arg>headers=${request_header}</arg>
<arg>expected_status=any</arg>
<doc>Sends a POST request on a previously created HTTP Session.</doc>
<status status="PASS" start="2024-11-04T18:07:02.024837" elapsed="1.074000"/>
</kw>
<try>
<branch type="TRY">
<kw name="Set Variable" owner="BuiltIn">
<msg time="2024-11-04T18:07:03.098837" level="INFO">${response_content} = {"accessToken":"eyJhbGciOiJIUzI1NiIsInR5cCI6IkpXVCJ9.eyJpZCI6MSwidXNlcm5hbWUiOiJlbWlseXMiLCJlbWFpbCI6ImVtaWx5LmpvaG5zb25AeC5kdW1teWpzb24uY29tIiwiZmlyc3ROYW1lIjoiRW1pbHkiLCJsYXN0TmFtZSI6IkpvaG5zb24iLCJ...</msg>
<var>${response_content}</var>
<arg>${response.content}</arg>
<doc>Returns the given values which can then be assigned to a variables.</doc>
<status status="PASS" start="2024-11-04T18:07:03.098837" elapsed="0.000000"/>
</kw>
<kw name="Convert String To Json" owner="JSONLibrary">
<msg time="2024-11-04T18:07:03.098837" level="INFO">${response_content} = {'accessToken': 'eyJhbGciOiJIUzI1NiIsInR5cCI6IkpXVCJ9.eyJpZCI6MSwidXNlcm5hbWUiOiJlbWlseXMiLCJlbWFpbCI6ImVtaWx5LmpvaG5zb25AeC5kdW1teWpzb24uY29tIiwiZmlyc3ROYW1lIjoiRW1pbHkiLCJsYXN0TmFtZSI6IkpvaG5zb24iLC...</msg>
<var>${response_content}</var>
<arg>${response_content}</arg>
<doc>Convert String to JSON object</doc>
<status status="PASS" start="2024-11-04T18:07:03.098837" elapsed="0.000000"/>
</kw>
<kw name="Get Value From Json" owner="JSONLibrary">
<msg time="2024-11-04T18:07:03.157776" level="INFO">${token} = ['eyJhbGciOiJIUzI1NiIsInR5cCI6IkpXVCJ9.eyJpZCI6MSwidXNlcm5hbWUiOiJlbWlseXMiLCJlbWFpbCI6ImVtaWx5LmpvaG5zb25AeC5kdW1teWpzb24uY29tIiwiZmlyc3ROYW1lIjoiRW1pbHkiLCJsYXN0TmFtZSI6IkpvaG5zb24iLCJnZW5kZXIiOiJmZ...</msg>
<var>${token}</var>
<arg>${response_content}</arg>
<arg>accessToken</arg>
<doc>Get Value From JSON using JSONPath</doc>
<status status="PASS" start="2024-11-04T18:07:03.098837" elapsed="0.058939"/>
</kw>
<kw name="Set Variable" owner="BuiltIn">
<msg time="2024-11-04T18:07:03.157776" level="INFO">${token} = eyJhbGciOiJIUzI1NiIsInR5cCI6IkpXVCJ9.eyJpZCI6MSwidXNlcm5hbWUiOiJlbWlseXMiLCJlbWFpbCI6ImVtaWx5LmpvaG5zb25AeC5kdW1teWpzb24uY29tIiwiZmlyc3ROYW1lIjoiRW1pbHkiLCJsYXN0TmFtZSI6IkpvaG5zb24iLCJnZW5kZXIiOiJmZW1...</msg>
<var>${token}</var>
<arg>${token}[0]</arg>
<doc>Returns the given values which can then be assigned to a variables.</doc>
<status status="PASS" start="2024-11-04T18:07:03.157776" elapsed="0.000000"/>
</kw>
<kw name="Create Dictionary" owner="BuiltIn">
<msg time="2024-11-04T18:07:03.157776" level="INFO">${request_header} = {'Authorization': 'Bearer eyJhbGciOiJIUzI1NiIsInR5cCI6IkpXVCJ9.eyJpZCI6MSwidXNlcm5hbWUiOiJlbWlseXMiLCJlbWFpbCI6ImVtaWx5LmpvaG5zb25AeC5kdW1teWpzb24uY29tIiwiZmlyc3ROYW1lIjoiRW1pbHkiLCJsYXN0TmFtZSI6Ikpva...</msg>
<var>${request_header}</var>
<arg>Authorization=Bearer ${token}</arg>
<arg>Content-Type=application/json</arg>
<doc>Creates and returns a dictionary based on the given ``items``.</doc>
<status status="PASS" start="2024-11-04T18:07:03.157776" elapsed="0.000000"/>
</kw>
<kw name="GET On Session" owner="RequestsLibrary">
<msg time="2024-11-04T18:07:03.738463" level="INFO">GET Request : url=https://dummyjson.com/auth/me 
 path_url=/auth/me 
 headers={'User-Agent': 'python-requests/2.32.3', 'Accept-Encoding': 'gzip, deflate', 'Accept': '*/*', 'Connection': 'keep-alive', 'Authorization': 'Bearer eyJhbGciOiJIUzI1NiIsInR5cCI6IkpXVCJ9.eyJpZCI6MSwidXNlcm5hbWUiOiJlbWlseXMiLCJlbWFpbCI6ImVtaWx5LmpvaG5zb25AeC5kdW1teWpzb24uY29tIiwiZmlyc3ROYW1lIjoiRW1pbHkiLCJsYXN0TmFtZSI6IkpvaG5zb24iLCJnZW5kZXIiOiJmZW1hbGUiLCJpbWFnZSI6Imh0dHBzOi8vZHVtbXlqc29uLmNvbS9pY29uL2VtaWx5cy8xMjgiLCJpYXQiOjE3MzA3MjM4MjMsImV4cCI6MTczMDcyNTYyM30.37nOog8zvZqXUSoIqwTObe1S87zi8wB3RONJwvVCUp0', 'Content-Type': 'application/json', 'Cookie': 'accessToken=eyJhbGciOiJIUzI1NiIsInR5cCI6IkpXVCJ9.eyJpZCI6MSwidXNlcm5hbWUiOiJlbWlseXMiLCJlbWFpbCI6ImVtaWx5LmpvaG5zb25AeC5kdW1teWpzb24uY29tIiwiZmlyc3ROYW1lIjoiRW1pbHkiLCJsYXN0TmFtZSI6IkpvaG5zb24iLCJnZW5kZXIiOiJmZW1hbGUiLCJpbWFnZSI6Imh0dHBzOi8vZHVtbXlqc29uLmNvbS9pY29uL2VtaWx5cy8xMjgiLCJpYXQiOjE3MzA3MjM4MjMsImV4cCI6MTczMDcyNTYyM30.37nOog8zvZqXUSoIqwTObe1S87zi8wB3RONJwvVCUp0; refreshToken=eyJhbGciOiJIUzI1NiIsInR5cCI6IkpXVCJ9.eyJpZCI6MSwidXNlcm5hbWUiOiJlbWlseXMiLCJlbWFpbCI6ImVtaWx5LmpvaG5zb25AeC5kdW1teWpzb24uY29tIiwiZmlyc3ROYW1lIjoiRW1pbHkiLCJsYXN0TmFtZSI6IkpvaG5zb24iLCJnZW5kZXIiOiJmZW1hbGUiLCJpbWFnZSI6Imh0dHBzOi8vZHVtbXlqc29uLmNvbS9pY29uL2VtaWx5cy8xMjgiLCJpYXQiOjE3MzA3MjM4MjMsImV4cCI6MTczMzMxNTgyM30.ajVFCjtUibrmo5mYfzgVBRN4z7H0woj-MyaNxU0Xc-U'} 
 body=None 
 </msg>
<msg time="2024-11-04T18:07:03.738463" level="INFO">GET Response : url=https://dummyjson.com/auth/me 
 status=200, reason=OK 
 headers={'Report-To': '{"group":"heroku-nel","max_age":3600,"endpoints":[{"url":"https://nel.heroku.com/reports?ts=1730723824&amp;sid=e11707d5-02a7-43ef-b45e-2cf4d2036f7d&amp;s=mlr%2B5RsjdO1wF5VJWXuEEx3%2FTU464pG1Z0aQlX1r72o%3D"}]}', 'Reporting-Endpoints': 'heroku-nel=https://nel.heroku.com/reports?ts=1730723824&amp;sid=e11707d5-02a7-43ef-b45e-2cf4d2036f7d&amp;s=mlr%2B5RsjdO1wF5VJWXuEEx3%2FTU464pG1Z0aQlX1r72o%3D', 'Nel': '{"report_to":"heroku-nel","max_age":3600,"success_fraction":0.005,"failure_fraction":0.05,"response_headers":["Via"]}', 'Connection': 'keep-alive', 'Access-Control-Allow-Origin': '*', 'X-Dns-Prefetch-Control': 'off', 'X-Frame-Options': 'SAMEORIGIN', 'Strict-Transport-Security': 'max-age=15552000; includeSubDomains', 'X-Download-Options': 'noopen', 'X-Content-Type-Options': 'nosniff', 'X-Xss-Protection': '1; mode=block', 'X-Powered-By': 'Cats on Keyboards', 'Server': 'BobTheBuilder', 'X-Ratelimit-Limit': '100', 'X-Ratelimit-Remaining': '99', 'Date': 'Mon, 04 Nov 2024 12:37:04 GMT', 'X-Ratelimit-Reset': '1730723825', 'Content-Type': 'application/json; charset=utf-8', 'Etag': 'W/"57b-eBF3JfwanM/U4Wy609CPdIf9zRA"', 'Vary': 'Accept-Encoding', 'Content-Encoding': 'gzip', 'Transfer-Encoding': 'chunked', 'Via': '1.1 vegur'} 
 body={"id":1,"firstName":"Emily","lastName":"Johnson","maidenName":"Smith","age":28,"gender":"female","email":"emily.johnson@x.dummyjson.com","phone":"+81 965-431-3024","username":"emilys","password":"emilyspass","birthDate":"1996-5-30","image":"https://dummyjson.com/icon/emilys/128","bloodGroup":"O-","height":193.24,"weight":63.16,"eyeColor":"Green","hair":{"color":"Brown","type":"Curly"},"ip":"42.48.100.32","address":{"address":"626 Main Street","city":"Phoenix","state":"Mississippi","stateCode":"MS","postalCode":"29112","coordinates":{"lat":-77.16213,"lng":-92.084824},"country":"United States"},"macAddress":"47:fa:41:18:ec:eb","university":"University of Wisconsin--Madison","bank":{"cardExpire":"03/26","cardNumber":"9289760655481815","cardType":"Elo","currency":"CNY","iban":"YPUXISOBI7TTHPK2BR3HAIXL"},"company":{"department":"Engineering","name":"Dooley, Kozey and Cronin","title":"Sales Manager","address":{"address":"263 Tenth Street","city":"San Francisco","state":"Wisconsin","stateCode":"WI","postalCode":"37657","coordinates":{"lat":71.814525,"lng":-161.150263},"country":"United States"}},"ein":"977-175","ssn":"900-590-289","userAgent":"Mozilla/5.0 (Macintosh; Intel Mac OS X 10_15_7) AppleWebKit/537.36 (KHTML, like Gecko) Chrome/96.0.4664.93 Safari/537.36","crypto":{"coin":"Bitcoin","wallet":"0xb9fc2fe63b2a6c003f1c324c3bfa53259162181a","network":"Ethereum (ERC20)"},"role":"admin"} 
 </msg>
<msg time="2024-11-04T18:07:03.738463" level="INFO">${response} = &lt;Response [200]&gt;</msg>
<var>${response}</var>
<arg>mysession</arg>
<arg>/auth/me</arg>
<arg>headers=${request_header}</arg>
<arg>expected_status=any</arg>
<doc>Sends a GET request on a previously created HTTP Session.</doc>
<status status="PASS" start="2024-11-04T18:07:03.157776" elapsed="0.580687"/>
</kw>
<kw name="Should Be Equal As Strings" owner="BuiltIn">
<msg time="2024-11-04T18:07:03.738463" level="INFO">Argument types are:
&lt;class 'int'&gt;
&lt;class 'str'&gt;</msg>
<arg>${response.status_code}</arg>
<arg>200</arg>
<doc>Fails if objects are unequal after converting them to strings.</doc>
<status status="PASS" start="2024-11-04T18:07:03.738463" elapsed="0.000000"/>
</kw>
<kw name="Set Variable" owner="BuiltIn">
<msg time="2024-11-04T18:07:03.738463" level="INFO">${MSG} = 200</msg>
<var>${MSG}</var>
<arg>${response.status_code}</arg>
<doc>Returns the given values which can then be assigned to a variables.</doc>
<status status="PASS" start="2024-11-04T18:07:03.738463" elapsed="0.000000"/>
</kw>
<status status="PASS" start="2024-11-04T18:07:03.098837" elapsed="0.639626"/>
</branch>
<branch type="EXCEPT">
<kw name="Set Variable" owner="BuiltIn">
<var>${MSG}</var>
<arg>${response.status_code}</arg>
<doc>Returns the given values which can then be assigned to a variables.</doc>
<status status="NOT RUN" start="2024-11-04T18:07:03.738463" elapsed="0.000000"/>
</kw>
<status status="NOT RUN" start="2024-11-04T18:07:03.738463" elapsed="0.000000"/>
</branch>
<status status="PASS" start="2024-11-04T18:07:03.098837" elapsed="0.639626"/>
</try>
<return>
<value>${MSG}</value>
<status status="PASS" start="2024-11-04T18:07:03.738463" elapsed="0.000000"/>
</return>
<msg time="2024-11-04T18:07:03.738463" level="INFO">${POST_BEARER_AUTH_MSG} = 200</msg>
<var>${POST_BEARER_AUTH_MSG}</var>
<tag>robot:continue-on-failure</tag>
<status status="PASS" start="2024-11-04T18:07:02.024837" elapsed="1.713626"/>
</kw>
<kw name="Log" owner="BuiltIn">
<msg time="2024-11-04T18:07:03.738463" level="INFO">200</msg>
<arg>${POST_BEARER_AUTH_MSG}</arg>
<doc>Logs the given message with the given level.</doc>
<status status="PASS" start="2024-11-04T18:07:03.738463" elapsed="0.000000"/>
</kw>
<status status="PASS" start="2024-11-04T18:07:02.024837" elapsed="1.713626"/>
</test>
<status status="PASS" start="2024-11-04T18:07:01.742482" elapsed="1.995981"/>
</suite>
<statistics>
<total>
<stat pass="1" fail="0" skip="0">All Tests</stat>
</total>
<tag>
</tag>
<suite>
<stat pass="1" fail="0" skip="0" id="s1" name="JSON API TestCase">JSON API TestCase</stat>
</suite>
</statistics>
<errors>
</errors>
</robot>
