<?xml version="1.0" encoding="UTF-8"?>
<robot generator="Robot 7.0.1 (Python 3.9.13 on win32)" generated="2024-10-28T19:32:50.070634" rpa="false" schemaversion="5">
<suite id="s1" name="TestCase" source="D:\Robot Automation PyCharm\robotAutomation\Codes\TestCase.robot">
<test id="s1-t1" name="API CALL" line="9">
<kw name="JSON API GET METHOD">
<kw name="Create Session" owner="RequestsLibrary">
<msg time="2024-10-28T19:32:50.332506" level="INFO">Creating Session using : alias=mysession, url=https://jsonplaceholder.typicode.com, headers={},                     cookies={}, auth=None, timeout=None, proxies=None, verify=True,                     debug=0 </msg>
<arg>mysession</arg>
<arg>https://jsonplaceholder.typicode.com</arg>
<arg>verify=True</arg>
<doc>Create Session: create a HTTP session to a server</doc>
<status status="PASS" start="2024-10-28T19:32:50.332506" elapsed="0.000000"/>
</kw>
<kw name="GET On Session" owner="RequestsLibrary">
<msg time="2024-10-28T19:32:50.993504" level="INFO">GET Request : url=https://jsonplaceholder.typicode.com/todos/1 
 path_url=/todos/1 
 headers={'User-Agent': 'python-requests/2.32.3', 'Accept-Encoding': 'gzip, deflate', 'Accept': '*/*', 'Connection': 'keep-alive'} 
 body=None 
 </msg>
<msg time="2024-10-28T19:32:50.993504" level="INFO">GET Response : url=https://jsonplaceholder.typicode.com/todos/1 
 status=200, reason=OK 
 headers={'Date': 'Mon, 28 Oct 2024 14:02:50 GMT', 'Content-Type': 'application/json; charset=utf-8', 'Transfer-Encoding': 'chunked', 'Connection': 'keep-alive', 'Report-To': '{"group":"heroku-nel","max_age":3600,"endpoints":[{"url":"https://nel.heroku.com/reports?ts=1729553148&amp;sid=e11707d5-02a7-43ef-b45e-2cf4d2036f7d&amp;s=umX1weR8brgkww2VHVOlSPIcNjn%2FvdLqg4dppLHBfaw%3D"}]}', 'Reporting-Endpoints': 'heroku-nel=https://nel.heroku.com/reports?ts=1729553148&amp;sid=e11707d5-02a7-43ef-b45e-2cf4d2036f7d&amp;s=umX1weR8brgkww2VHVOlSPIcNjn%2FvdLqg4dppLHBfaw%3D', 'Nel': '{"report_to":"heroku-nel","max_age":3600,"success_fraction":0.005,"failure_fraction":0.05,"response_headers":["Via"]}', 'X-Powered-By': 'Express', 'X-Ratelimit-Limit': '1000', 'X-Ratelimit-Remaining': '999', 'X-Ratelimit-Reset': '1729553187', 'Vary': 'Origin, Accept-Encoding', 'Access-Control-Allow-Credentials': 'true', 'Cache-Control': 'max-age=43200', 'Pragma': 'no-cache', 'Expires': '-1', 'X-Content-Type-Options': 'nosniff', 'Etag': 'W/"53-hfEnumeNh6YirfjyjaujcOPPT+s"', 'Via': '1.1 vegur', 'CF-Cache-Status': 'HIT', 'Age': '23803', 'Server': 'cloudflare', 'CF-RAY': '8d9b77418e4241b9-MRS', 'Content-Encoding': 'gzip', 'alt-svc': 'h3=":443"; ma=86400', 'server-timing': 'cfL4;desc="?proto=TCP&amp;rtt=143994&amp;sent=6&amp;recv=8&amp;lost=0&amp;retrans=1&amp;sent_bytes=4123&amp;recv_bytes=785&amp;delivery_rate=6913&amp;cwnd=252&amp;unsent_bytes=0&amp;cid=d4128bfb31679724&amp;ts=350&amp;x=0"'} 
 body={
  "userId": 1,
  "id": 1,
  "title": "delectus aut autem",
  "completed": false
} 
 </msg>
<msg time="2024-10-28T19:32:50.993504" level="INFO">${response} = &lt;Response [200]&gt;</msg>
<var>${response}</var>
<arg>mysession</arg>
<arg>/todos/1</arg>
<arg>expected_status=any</arg>
<doc>Sends a GET request on a previously created HTTP Session.</doc>
<status status="PASS" start="2024-10-28T19:32:50.332506" elapsed="0.660998"/>
</kw>
<kw name="Set Variable" owner="BuiltIn">
<msg time="2024-10-28T19:32:50.993504" level="INFO">${response_status} = 200</msg>
<var>${response_status}</var>
<arg>${response.status_code}</arg>
<doc>Returns the given values which can then be assigned to a variables.</doc>
<status status="PASS" start="2024-10-28T19:32:50.993504" elapsed="0.000000"/>
</kw>
<kw name="Log To Console" owner="BuiltIn">
<arg>${response_status}</arg>
<doc>Logs the given message to the console.</doc>
<status status="PASS" start="2024-10-28T19:32:50.993504" elapsed="0.000000"/>
</kw>
<if>
<branch type="IF" condition="$response_status==200">
<kw name="Set Variable" owner="BuiltIn">
<msg time="2024-10-28T19:32:51.009082" level="INFO">${response_content} = {
  "userId": 1,
  "id": 1,
  "title": "delectus aut autem",
  "completed": false
}</msg>
<var>${response_content}</var>
<arg>${response.content}</arg>
<doc>Returns the given values which can then be assigned to a variables.</doc>
<status status="PASS" start="2024-10-28T19:32:51.009082" elapsed="0.000000"/>
</kw>
<kw name="Convert String To Json" owner="JSONLibrary">
<msg time="2024-10-28T19:32:51.009082" level="INFO">${response_content} = {'userId': 1, 'id': 1, 'title': 'delectus aut autem', 'completed': False}</msg>
<var>${response_content}</var>
<arg>${response_content}</arg>
<doc>Convert String to JSON object</doc>
<status status="PASS" start="2024-10-28T19:32:51.009082" elapsed="0.000000"/>
</kw>
<kw name="Get Value From Json" owner="JSONLibrary">
<msg time="2024-10-28T19:32:51.040269" level="INFO">${Title} = ['delectus aut autem']</msg>
<var>${Title}</var>
<arg>${response_content}</arg>
<arg>title</arg>
<doc>Get Value From JSON using JSONPath</doc>
<status status="PASS" start="2024-10-28T19:32:51.009082" elapsed="0.031187"/>
</kw>
<kw name="Set Variable" owner="BuiltIn">
<msg time="2024-10-28T19:32:51.040269" level="INFO">${MSG} = ['delectus aut autem']</msg>
<var>${MSG}</var>
<arg>${Title}</arg>
<doc>Returns the given values which can then be assigned to a variables.</doc>
<status status="PASS" start="2024-10-28T19:32:51.040269" elapsed="0.000000"/>
</kw>
<kw name="Log To Console" owner="BuiltIn">
<arg>${MSG}</arg>
<doc>Logs the given message to the console.</doc>
<status status="PASS" start="2024-10-28T19:32:51.040269" elapsed="0.000000"/>
</kw>
<status status="PASS" start="2024-10-28T19:32:50.993504" elapsed="0.046765"/>
</branch>
<branch type="ELSE">
<kw name="Set Variable" owner="BuiltIn">
<var>${MSG}</var>
<arg>Oh no API failed :)</arg>
<doc>Returns the given values which can then be assigned to a variables.</doc>
<status status="NOT RUN" start="2024-10-28T19:32:51.040269" elapsed="0.000000"/>
</kw>
<kw name="Log To Console" owner="BuiltIn">
<arg>${MSG}</arg>
<doc>Logs the given message to the console.</doc>
<status status="NOT RUN" start="2024-10-28T19:32:51.040269" elapsed="0.000000"/>
</kw>
<status status="NOT RUN" start="2024-10-28T19:32:51.040269" elapsed="0.000000"/>
</branch>
<status status="PASS" start="2024-10-28T19:32:50.993504" elapsed="0.046765"/>
</if>
<return>
<value>${MSG}</value>
<status status="PASS" start="2024-10-28T19:32:51.040269" elapsed="0.015622"/>
</return>
<msg time="2024-10-28T19:32:51.055891" level="INFO">${MSG} = ['delectus aut autem']</msg>
<var>${MSG}</var>
<tag>robot:continue-on-failure</tag>
<status status="PASS" start="2024-10-28T19:32:50.332506" elapsed="0.723385"/>
</kw>
<kw name="Log" owner="BuiltIn">
<msg time="2024-10-28T19:32:51.055891" level="INFO">The title is ['delectus aut autem']</msg>
<arg>The title is ${MSG}</arg>
<doc>Logs the given message with the given level.</doc>
<status status="PASS" start="2024-10-28T19:32:51.055891" elapsed="0.000000"/>
</kw>
<status status="PASS" start="2024-10-28T19:32:50.332506" elapsed="0.723385"/>
</test>
<status status="PASS" start="2024-10-28T19:32:50.070634" elapsed="0.985257"/>
</suite>
<statistics>
<total>
<stat pass="1" fail="0" skip="0">All Tests</stat>
</total>
<tag>
</tag>
<suite>
<stat pass="1" fail="0" skip="0" id="s1" name="TestCase">TestCase</stat>
</suite>
</statistics>
<errors>
</errors>
</robot>
