<?xml version="1.0" encoding="UTF-8"?>
<robot generator="Robot 7.0.1 (Python 3.9.13 on win32)" generated="2024-11-04T19:46:37.159178" rpa="false" schemaversion="5">
<suite id="s1" name="XML API TestCase" source="E:\GitHub\Robot-Automation\Codes\XML_API_TestCase.robot">
<test id="s1-t1" name="API CALL" line="8">
<kw name="SOAP API GET METHOD">
<kw name="Create Session" owner="RequestsLibrary">
<msg time="2024-11-04T19:46:37.316316" level="INFO">Creating Session using : alias=mysession, url=https://thetestingworldapi.com/api, headers={},                     cookies={}, auth=None, timeout=None, proxies=None, verify=True,                     debug=0 </msg>
<arg>mysession</arg>
<arg>https://thetestingworldapi.com/api</arg>
<arg>verify=true</arg>
<doc>Create Session: create a HTTP session to a server</doc>
<status status="PASS" start="2024-11-04T19:46:37.316316" elapsed="0.000000"/>
</kw>
<kw name="GET On Session" owner="RequestsLibrary">
<msg time="2024-11-04T19:46:37.866641" level="INFO">GET Request : url=https://thetestingworldapi.com/api/studentsDetails 
 path_url=/api/studentsDetails 
 headers={'User-Agent': 'python-requests/2.32.3', 'Accept-Encoding': 'gzip, deflate', 'Accept': '*/*', 'Connection': 'keep-alive'} 
 body=None 
 </msg>
<msg time="2024-11-04T19:46:37.866641" level="INFO">GET Response : url=https://thetestingworldapi.com/api/studentsDetails 
 status=200, reason=OK 
 headers={'Cache-Control': 'no-cache', 'Pragma': 'no-cache', 'Content-Type': 'application/json; charset=utf-8', 'Expires': '-1', 'Server': 'Microsoft-IIS/10.0', 'X-AspNet-Version': '4.0.30319', 'X-Powered-By': 'ASP.NET', 'X-Powered-By-Plesk': 'PleskWin', 'Date': 'Mon, 04 Nov 2024 14:16:23 GMT', 'Content-Length': '11281'} 
 body=[{"id":10490525,"first_name":"Akash","middle_name":"NA","last_name":"Kesarwani","date_of_birth":"1997"},{"id":10490524,"first_name":"Akash","middle_name":"NA","last_name":"Kesarwani","date_of_birth":"1997"},{"id":10490523,"first_name":"Akash","middle_name":"NA","last_name":"Kesarwani","date_of_birth":"1997"},{"id":10490522,"first_name":"Rubel","middle_name":"Hosain","last_name":"Riyon","date_of_birth":"04-03-1995"},{"id":10490521,"first_name":"Rubel","middle_name":"Hosain","last_name":"Riyon","date_of_birth":"04-03-1995"},{"id":10490520,"first_name":"Rubel","middle_name":"Hosain","last_name":"Riyon","date_of_birth":"04-03-1995"},{"id":10490519,"first_name":"sample ","middle_name":"sample ","last_name":"sample ","date_of_birth":"sample "},{"id":10490518,"first_name":"sample ","middle_name":"sample ","last_name":"sample ","date_of_birth":"sample "},{"id":10490517,"first_name":"sample ","middle_name":"sample ","last_name":"sample ","date_of_birth":"sample "},{"id":10490516,"first_name":"sample ","middle_name":"sample ","last_name":"sample ","date_of_birth":"sample "},{"id":10490515,"first_name":"Changi","middle_name":"sample string 3","last_name":"sample string 4","date_of_birth":"10/10/2020"},{"id":10490514,"first_name":"Changi","middle_name":"sample string 3","last_name":"sample string 4","date_of_birth":"10/10/2020"},{"id":10490513,"first_name":"Changi","middle_name":"sample string 3","last_name":"sample string 4","date_of_birth":"10/10/2020"},{"id":10490512,"first_name":"sample string 2","middle_name":"sample string 3","last_name":"sample string 4","date_of_birth":"10/10/2020"},{"id":10490511,"first_name":"sample string 2","middle_name":"sample string 3","last_name":"sample string 4","date_of_birth":"10/10/2020"},{"id":10490510,"first_name":"sample string 2","middle_name":"sample string 3","last_name":"sample string 4","date_of_birth":"10/10/2020"},{"id":10490509,"first_name":"sample string 2","middle_name":"sample string 3","last_name":"sample string 4","date_of_birth":"sample string 5"},{"id":10490508,"first_name":"sample string 2","middle_name":"sample string 3","last_name":"sample string 4","date_of_birth":"sample string 5"},{"id":10490507,"first_name":"sample string 2","middle_name":"sample string 3","last_name":"sample string 4","date_of_birth":"sample string 5"},{"id":10490506,"first_name":"sample string 2","middle_name":"sample string 3","last_name":"sample string 4","date_of_birth":"sample string 5"},{"id":10490505,"first_name":"sample string 2","middle_name":"sample string 3","last_name":"sample string 4","date_of_birth":"sample string 5"},{"id":10490504,"first_name":"sample string 2","middle_name":"sample string 3","last_name":"sample string 4","date_of_birth":"sample string 5"},{"id":10490503,"first_name":"Katarzyna","middle_name":"Joanna","last_name":"Wielka","date_of_birth":"2021-02-03"},{"id":10490502,"first_name":"","middle_name":"","last_name":"","date_of_birth":""},{"id":10490501,"first_name":"Katarzyna","middle_name":"Joanna","last_name":"Wielka","date_of_birth":"2021-02-03"},{"id":10490500,"first_name":"Katarzyna","middle_name":"Joanna","last_name":"Wielka","date_of_birth":"2021-02-03"},{"id":10490499,"first_name":"Katarzyna","middle_name":"Joanna","last_name":"Wielka","date_of_birth":"2021-02-03"},{"id":10490498,"first_name":"Katarzyna","middle_name":"Joanna","last_name":"Wielka","date_of_birth":"2021-02-03"},{"id":10490496,"first_name":"Katarzyna","middle_name":"Joanna","last_name":"Duża","date_of_birth":"1986-11-10"},{"id":10490495,"first_name":"maryna","middle_name":"Joanna","last_name":"O'Connell","date_of_birth":"2023-01-22"},{"id":10490494,"first_name":"Katarzyna","middle_name":"Joanna","last_name":"Wielka","date_of_birth":"2021-02-03"},{"id":10490493,"first_name":"","middle_name":"","last_name":"","date_of_birth":""},{"id":10490492,"first_name":"Katarzyna","middle_name":"Joanna","last_name":"Wielka","date_of_birth":"2021-02-03"},{"id":10490491,"first_name":"Katarzyna","middle_name":"Joanna","last_name":"Wielka","date_of_birth":"2021-02-03"},{"id":10490490,"first_name":"Katarzyna","middle_name":"Joanna","last_name":"Wielka","date_of_birth":"2021-02-03"},{"id":10490489,"first_name":"Katarzyna","middle_name":"Joanna","last_name":"Wielka","date_of_birth":"2021-02-03"},{"id":10490487,"first_name":"Katarzyna","middle_name":"Joanna","last_name":"Duża","date_of_birth":"1986-11-10"},{"id":10490486,"first_name":"Dupa","middle_name":"Joanna","last_name":"Schiller","date_of_birth":"2023-01-22"},{"id":10490485,"first_name":"Katarzyna","middle_name":"Joanna","last_name":"Wielka","date_of_birth":"2021-02-03"},{"id":10490484,"first_name":"","middle_name":"","last_name":"","date_of_birth":""},{"id":10490483,"first_name":"Katarzyna","middle_name":"Joanna","last_name":"Wielka","date_of_birth":"2021-02-03"},{"id":10490482,"first_name":"Katarzyna","middle_name":"Joanna","last_name":"Wielka","date_of_birth":"2021-02-03"},{"id":10490481,"first_name":"Katarzyna","middle_name":"Joanna","last_name":"Wielka","date_of_birth":"2021-02-03"},{"id":10490480,"first_name":"Katarzyna","middle_name":"Joanna","last_name":"Wielka","date_of_birth":"2021-02-03"},{"id":10490478,"first_name":"Katarzyna","middle_name":"Joanna","last_name":"Duża","date_of_birth":"1986-11-10"},{"id":10490477,"first_name":"Gabi","middle_name":"Joanna","last_name":"Thiel","date_of_birth":"2023-01-22"},{"id":10490476,"first_name":"Testing1","middle_name":"K1","last_name":"World1","date_of_birth":"sample string 6"},{"id":10490475,"first_name":"Katarzyna","middle_name":"Joanna","last_name":"Wielka","date_of_birth":"2021-02-03"},{"id":10490474,"first_name":"","middle_name":"","last_name":"","date_of_birth":""},{"id":10490473,"first_name":"Katarzyna","middle_name":"Joanna","last_name":"Wielka","date_of_birth":"2021-02-03"},{"id":10490472,"first_name":"Katarzyna","middle_name":"Joanna","last_name":"Wielka","date_of_birth":"2021-02-03"},{"id":10490471,"first_name":"Katarzyna","middle_name":"Joanna","last_name":"Wielka","date_of_birth":"2021-02-03"},{"id":10490470,"first_name":"Katarzyna","middle_name":"Joanna","last_name":"Wielka","date_of_birth":"2021-02-03"},{"id":10490468,"first_name":"Katarzyna","middle_name":"Joanna","last_name":"Duża","date_of_birth":"1986-11-10"},{"id":10490467,"first_name":"maryna","middle_name":"Joanna","last_name":"Douglas","date_of_birth":"2021-02-03"},{"id":10490466,"first_name":"Katarzyna","middle_name":"Joanna","last_name":"Wielka","date_of_birth":"2021-02-03"},{"id":10490465,"first_name":"","middle_name":"","last_name":"","date_of_birth":""},{"id":10490464,"first_name":"Katarzyna","middle_name":"Joanna","last_name":"Wielka","date_of_birth":"2021-02-03"},{"id":10490463,"first_name":"Katarzyna","middle_name":"Joanna","last_name":"Wielka","date_of_birth":"2021-02-03"},{"id":10490462,"first_name":"Katarzyna","middle_name":"Joanna","last_name":"Wielka","date_of_birth":"2021-02-03"},{"id":10490461,"first_name":"Katarzyna","middle_name":"Joanna","last_name":"Wielka","date_of_birth":"2021-02-03"},{"id":10490459,"first_name":"Katarzyna","middle_name":"Joanna","last_name":"Duża","date_of_birth":"1986-11-10"},{"id":10490458,"first_name":"Dupa","middle_name":"Joanna","last_name":"Hegmann","date_of_birth":"2021-02-03"},{"id":10490457,"first_name":"Katarzyna","middle_name":"Joanna","last_name":"Wielka","date_of_birth":"2021-02-03"},{"id":10490456,"first_name":"","middle_name":"","last_name":"","date_of_birth":""},{"id":10490455,"first_name":"Katarzyna","middle_name":"Joanna","last_name":"Wielka","date_of_birth":"2021-02-03"},{"id":10490454,"first_name":"Katarzyna","middle_name":"Joanna","last_name":"Wielka","date_of_birth":"2021-02-03"},{"id":10490453,"first_name":"Katarzyna","middle_name":"Joanna","last_name":"Wielka","date_of_birth":"2021-02-03"},{"id":10490452,"first_name":"Katarzyna","middle_name":"Joanna","last_name":"Wielka","date_of_birth":"2021-02-03"},{"id":10490450,"first_name":"Katarzyna","middle_name":"Joanna","last_name":"Duża","date_of_birth":"1986-11-10"},{"id":10490449,"first_name":"Gabi","middle_name":"Joanna","last_name":"Wehner","date_of_birth":"2021-02-03"},{"id":10490448,"first_name":"Katarzyna","middle_name":"Joanna","last_name":"Wielka","date_of_birth":"2021-02-03"},{"id":10490447,"first_name":"","middle_name":"","last_name":"","date_of_birth":""},{"id":10490446,"first_name":"Katarzyna","middle_name":"Joanna","last_name":"Wielka","date_of_birth":"2021-02-03"},{"id":10490445,"first_name":"Katarzyna","middle_name":"Joanna","last_name":"Wielka","date_of_birth":"2021-02-03"},{"id":10490444,"first_name":"Katarzyna","middle_name":"Joanna","last_name":"Wielka","date_of_birth":"2021-02-03"},{"id":10490443,"first_name":"Katarzyna","middle_name":"Joanna","last_name":"Wielka","date_of_birth":"2021-02-03"},{"id":10490441,"first_name":"Katarzyna","middle_name":"Joanna","last_name":"Duża","date_of_birth":"1986-11-10"},{"id":10490440,"first_name":"maryna","middle_name":"Joanna","last_name":"Fritsch","date_of_birth":"2021-02-03"},{"id":10490439,"first_name":"Katarzyna","middle_name":"Joanna","last_name":"Wielka","date_of_birth":"2021-02-03"},{"id":10490438,"first_name":"","middle_name":"","last_name":"","date_of_birth":""},{"id":10490437,"first_name":"Katarzyna","middle_name":"Joanna","last_name":"Wielka","date_of_birth":"2021-02-03"},{"id":10490436,"first_name":"Katarzyna","middle_name":"Joanna","last_name":"Wielka","date_of_birth":"2021-02-03"},{"id":10490435,"first_name":"Katarzyna","middle_name":"Joanna","last_name":"Wielka","date_of_birth":"2021-02-03"},{"id":10490434,"first_name":"Katarzyna","middle_name":"Joanna","last_name":"Wielka","date_of_birth":"2021-02-03"},{"id":10490432,"first_name":"Katarzyna","middle_name":"Joanna","last_name":"Duża","date_of_birth":"1986-11-10"},{"id":10490431,"first_name":"Dupa","middle_name":"Joanna","last_name":"Bartell","date_of_birth":"2021-02-03"},{"id":10490430,"first_name":"Katarzyna","middle_name":"Joanna","last_name":"Wielka","date_of_birth":"2021-02-03"},{"id":10490429,"first_name... (set the log level to DEBUG or TRACE to see the full content) 
 </msg>
<msg time="2024-11-04T19:46:37.866641" level="INFO">${response} = &lt;Response [200]&gt;</msg>
<var>${response}</var>
<arg>mysession</arg>
<arg>/studentsDetails</arg>
<doc>Sends a GET request on a previously created HTTP Session.</doc>
<status status="PASS" start="2024-11-04T19:46:37.316316" elapsed="0.550325"/>
</kw>
<kw name="Set Variable" owner="BuiltIn">
<msg time="2024-11-04T19:46:37.866641" level="INFO">${response_status} = &lt;Response [200]&gt;</msg>
<var>${response_status}</var>
<arg>${response}</arg>
<doc>Returns the given values which can then be assigned to a variables.</doc>
<status status="PASS" start="2024-11-04T19:46:37.866641" elapsed="0.000000"/>
</kw>
<try>
<branch type="TRY">
<kw name="Should Be Equal As Strings" owner="BuiltIn">
<msg time="2024-11-04T19:46:37.866641" level="INFO">Argument types are:
&lt;class 'int'&gt;
&lt;class 'str'&gt;</msg>
<arg>${response.status_code}</arg>
<arg>200</arg>
<doc>Fails if objects are unequal after converting them to strings.</doc>
<status status="PASS" start="2024-11-04T19:46:37.866641" elapsed="0.000000"/>
</kw>
<kw name="Set Variable" owner="BuiltIn">
<msg time="2024-11-04T19:46:37.866641" level="INFO">${MSG} = 200</msg>
<var>${MSG}</var>
<arg>${response.status_code}</arg>
<doc>Returns the given values which can then be assigned to a variables.</doc>
<status status="PASS" start="2024-11-04T19:46:37.866641" elapsed="0.000000"/>
</kw>
<status status="PASS" start="2024-11-04T19:46:37.866641" elapsed="0.000000"/>
</branch>
<branch type="EXCEPT">
<kw name="Set Variable" owner="BuiltIn">
<var>${MSG}</var>
<arg>${response.status_code}</arg>
<doc>Returns the given values which can then be assigned to a variables.</doc>
<status status="NOT RUN" start="2024-11-04T19:46:37.866641" elapsed="0.015491"/>
</kw>
<status status="NOT RUN" start="2024-11-04T19:46:37.866641" elapsed="0.015491"/>
</branch>
<status status="PASS" start="2024-11-04T19:46:37.866641" elapsed="0.015491"/>
</try>
<return>
<value>${MSG}</value>
<status status="PASS" start="2024-11-04T19:46:37.882132" elapsed="0.000000"/>
</return>
<msg time="2024-11-04T19:46:37.882132" level="INFO">${GET_MSG} = 200</msg>
<var>${GET_MSG}</var>
<tag>robot:continue-on-failure</tag>
<status status="PASS" start="2024-11-04T19:46:37.316316" elapsed="0.565816"/>
</kw>
<kw name="Log" owner="BuiltIn">
<msg time="2024-11-04T19:46:37.882132" level="INFO">200</msg>
<arg>${GET_MSG}</arg>
<doc>Logs the given message with the given level.</doc>
<status status="PASS" start="2024-11-04T19:46:37.882132" elapsed="0.000000"/>
</kw>
<kw name="SOAP API POST METHOD">
<kw name="Get File" owner="OperatingSystem">
<msg time="2024-11-04T19:46:37.882132" level="INFO" html="true">Getting file '&lt;a href="file://E:\GitHub\Robot-Automation\config\api\XML\StudentDetailsPost.xml"&gt;E:\GitHub\Robot-Automation\config\api\XML\StudentDetailsPost.xml&lt;/a&gt;'.</msg>
<msg time="2024-11-04T19:46:37.882132" level="INFO">${request_xml} = &lt;studentsDetail xmlns:i="http://www.w3.org/2001/XMLSchema-instance" xmlns="http://schemas.datacontract.org/2004/07/WebApiOauth2.Models"&gt;
  &lt;date_of_birth&gt;1997&lt;/date_of_birth&gt;
  &lt;first_name&gt;Akash&lt;/firs...</msg>
<var>${request_xml}</var>
<arg>.\\config\\api\\XML\\StudentDetailsPost.xml</arg>
<doc>Returns the contents of a specified file.</doc>
<status status="PASS" start="2024-11-04T19:46:37.882132" elapsed="0.000000"/>
</kw>
<kw name="Create Session" owner="RequestsLibrary">
<msg time="2024-11-04T19:46:37.882132" level="INFO">Creating Session using : alias=mysession, url=https://thetestingworldapi.com/api, headers={},                     cookies={}, auth=None, timeout=None, proxies=None, verify=True,                     debug=0 </msg>
<arg>mysession</arg>
<arg>https://thetestingworldapi.com/api</arg>
<arg>verify=true</arg>
<doc>Create Session: create a HTTP session to a server</doc>
<status status="PASS" start="2024-11-04T19:46:37.882132" elapsed="0.000000"/>
</kw>
<kw name="Create Dictionary" owner="BuiltIn">
<msg time="2024-11-04T19:46:37.882132" level="INFO">${request_header} = {'Content-Type': 'application/xml'}</msg>
<var>${request_header}</var>
<arg>Content-Type=application/xml</arg>
<doc>Creates and returns a dictionary based on the given ``items``.</doc>
<status status="PASS" start="2024-11-04T19:46:37.882132" elapsed="0.000000"/>
</kw>
<kw name="POST On Session" owner="RequestsLibrary">
<msg time="2024-11-04T19:46:38.149806" level="INFO">POST Request : url=https://thetestingworldapi.com/api/studentsDetails 
 path_url=/api/studentsDetails 
 headers={'User-Agent': 'python-requests/2.32.3', 'Accept-Encoding': 'gzip, deflate', 'Accept': '*/*', 'Connection': 'keep-alive', 'Content-Type': 'application/xml', 'Content-Length': '305'} 
 body=&lt;studentsDetail xmlns:i="http://www.w3.org/2001/XMLSchema-instance" xmlns="http://schemas.datacontract.org/2004/07/WebApiOauth2.Models"&gt;
  &lt;date_of_birth&gt;1997&lt;/date_of_birth&gt;
  &lt;first_name&gt;Akash&lt;/first_name&gt;
  &lt;id&gt;1&lt;/id&gt;
  &lt;last_name&gt;Kesarwani&lt;/last_name&gt;
  &lt;middle_name&gt;NA&lt;/middle_name&gt;
&lt;/studentsDetail&gt; 
 </msg>
<msg time="2024-11-04T19:46:38.149806" level="INFO">POST Response : url=https://thetestingworldapi.com/api/studentsDetails 
 status=201, reason=Created 
 headers={'Cache-Control': 'no-cache', 'Pragma': 'no-cache', 'Content-Type': 'application/json; charset=utf-8', 'Expires': '-1', 'Location': 'https://thetestingworldapi.com/api/studentsDetails/10490526', 'Server': 'Microsoft-IIS/10.0', 'X-AspNet-Version': '4.0.30319', 'X-Powered-By': 'ASP.NET', 'X-Powered-By-Plesk': 'PleskWin', 'Date': 'Mon, 04 Nov 2024 14:16:23 GMT', 'Content-Length': '102'} 
 body={"id":10490526,"first_name":"Akash","middle_name":"NA","last_name":"Kesarwani","date_of_birth":"1997"} 
 </msg>
<msg time="2024-11-04T19:46:38.149806" level="INFO">${response} = &lt;Response [201]&gt;</msg>
<var>${response}</var>
<arg>mysession</arg>
<arg>/studentsDetails</arg>
<arg>data=${request_xml}</arg>
<arg>headers=${request_header}</arg>
<arg>expected_status=any</arg>
<doc>Sends a POST request on a previously created HTTP Session.</doc>
<status status="PASS" start="2024-11-04T19:46:37.882132" elapsed="0.267674"/>
</kw>
<try>
<branch type="TRY">
<kw name="Should Be Equal As Strings" owner="BuiltIn">
<msg time="2024-11-04T19:46:38.149806" level="INFO">Argument types are:
&lt;class 'int'&gt;
&lt;class 'str'&gt;</msg>
<arg>${response.status_code}</arg>
<arg>201</arg>
<doc>Fails if objects are unequal after converting them to strings.</doc>
<status status="PASS" start="2024-11-04T19:46:38.149806" elapsed="0.000000"/>
</kw>
<kw name="Set Variable" owner="BuiltIn">
<msg time="2024-11-04T19:46:38.149806" level="INFO">${response_content} = {"id":10490526,"first_name":"Akash","middle_name":"NA","last_name":"Kesarwani","date_of_birth":"1997"}</msg>
<var>${response_content}</var>
<arg>${response.content}</arg>
<doc>Returns the given values which can then be assigned to a variables.</doc>
<status status="PASS" start="2024-11-04T19:46:38.149806" elapsed="0.000000"/>
</kw>
<kw name="Set Variable" owner="BuiltIn">
<msg time="2024-11-04T19:46:38.149806" level="INFO">${MSG} = {"id":10490526,"first_name":"Akash","middle_name":"NA","last_name":"Kesarwani","date_of_birth":"1997"}</msg>
<var>${MSG}</var>
<arg>${response_content}</arg>
<doc>Returns the given values which can then be assigned to a variables.</doc>
<status status="PASS" start="2024-11-04T19:46:38.149806" elapsed="0.000000"/>
</kw>
<status status="PASS" start="2024-11-04T19:46:38.149806" elapsed="0.000000"/>
</branch>
<branch type="EXCEPT">
<kw name="Set Variable" owner="BuiltIn">
<var>${MSG}</var>
<arg>${response.status_code}</arg>
<doc>Returns the given values which can then be assigned to a variables.</doc>
<status status="NOT RUN" start="2024-11-04T19:46:38.149806" elapsed="0.000000"/>
</kw>
<status status="NOT RUN" start="2024-11-04T19:46:38.149806" elapsed="0.000000"/>
</branch>
<status status="PASS" start="2024-11-04T19:46:38.149806" elapsed="0.000000"/>
</try>
<return>
<value>${MSG}</value>
<status status="PASS" start="2024-11-04T19:46:38.149806" elapsed="0.000000"/>
</return>
<msg time="2024-11-04T19:46:38.149806" level="INFO">${POST_MSG} = {"id":10490526,"first_name":"Akash","middle_name":"NA","last_name":"Kesarwani","date_of_birth":"1997"}</msg>
<var>${POST_MSG}</var>
<tag>robot:continue-on-failure</tag>
<status status="PASS" start="2024-11-04T19:46:37.882132" elapsed="0.267674"/>
</kw>
<kw name="Log" owner="BuiltIn">
<msg time="2024-11-04T19:46:38.149806" level="INFO">{"id":10490526,"first_name":"Akash","middle_name":"NA","last_name":"Kesarwani","date_of_birth":"1997"}</msg>
<arg>${POST_MSG}</arg>
<doc>Logs the given message with the given level.</doc>
<status status="PASS" start="2024-11-04T19:46:38.149806" elapsed="0.000000"/>
</kw>
<status status="PASS" start="2024-11-04T19:46:37.316316" elapsed="0.833490"/>
</test>
<status status="PASS" start="2024-11-04T19:46:37.159178" elapsed="0.990628"/>
</suite>
<statistics>
<total>
<stat pass="1" fail="0" skip="0">All Tests</stat>
</total>
<tag>
</tag>
<suite>
<stat pass="1" fail="0" skip="0" id="s1" name="XML API TestCase">XML API TestCase</stat>
</suite>
</statistics>
<errors>
</errors>
</robot>
